/zhome/97/2/198344/.lsbatch/1737668978.23851202.shell: line 1: !/bin/bash: No such file or directory
Testing mkn_offload with size 100...
tee: /dev/tty: No such device or address
Saved: mkn_offload, 100, H2D: 0.001630, Kernel: 0.002074, D2H: 0.000071
Testing mkn_offload with size 200...
tee: /dev/tty: No such device or address
Saved: mkn_offload, 200, H2D: 0.001773, Kernel: 0.002874, D2H: 0.000074
Testing mkn_offload with size 500...
tee: /dev/tty: No such device or address
Saved: mkn_offload, 500, H2D: 0.003823, Kernel: 0.003489, D2H: 0.000206
Testing mkn_offload with size 1000...
tee: /dev/tty: No such device or address
Saved: mkn_offload, 1000, H2D: 0.011118, Kernel: 0.014862, D2H: 0.000681
Testing mkn_offload with size 2000...
tee: /dev/tty: No such device or address
Saved: mkn_offload, 2000, H2D: 0.008525, Kernel: 0.138104, D2H: 0.002474
Testing mkn_offload with size 5000...
tee: /dev/tty: No such device or address
Saved: mkn_offload, 5000, H2D: 0.014790, Kernel: 1.605169, D2H: 0.009602
Testing mnk_offload with size 100...
tee: /dev/tty: No such device or address
Saved: mnk_offload, 100, H2D: 0.001667, Kernel: 0.005435, D2H: 0.000074
Testing mnk_offload with size 200...
tee: /dev/tty: No such device or address
Saved: mnk_offload, 200, H2D: 0.001726, Kernel: 0.004128, D2H: 0.000079
Testing mnk_offload with size 500...
tee: /dev/tty: No such device or address
Saved: mnk_offload, 500, H2D: 0.016784, Kernel: 0.002315, D2H: 0.000193
Testing mnk_offload with size 1000...
tee: /dev/tty: No such device or address
Saved: mnk_offload, 1000, H2D: 0.005691, Kernel: 0.004432, D2H: 0.000665
Testing mnk_offload with size 2000...
tee: /dev/tty: No such device or address
Saved: mnk_offload, 2000, H2D: 0.007198, Kernel: 0.023775, D2H: 0.001278
Testing mnk_offload with size 5000...
tee: /dev/tty: No such device or address
Saved: mnk_offload, 5000, H2D: 0.020380, Kernel: 0.424790, D2H: 0.010111
Testing blk_offload with size 100...
tee: /dev/tty: No such device or address
Saved: blk_offload, 100, H2D: 0.001545, Kernel: 0.002002, D2H: 0.000071
Testing blk_offload with size 200...
tee: /dev/tty: No such device or address
Saved: blk_offload, 200, H2D: 0.001772, Kernel: 0.002095, D2H: 0.000075
Testing blk_offload with size 500...
tee: /dev/tty: No such device or address
Saved: blk_offload, 500, H2D: 0.016121, Kernel: 0.002164, D2H: 0.000194
Testing blk_offload with size 1000...
tee: /dev/tty: No such device or address
Saved: blk_offload, 1000, H2D: 0.015703, Kernel: 0.003284, D2H: 0.000629
Testing blk_offload with size 2000...
tee: /dev/tty: No such device or address
Saved: blk_offload, 2000, H2D: 0.009005, Kernel: 0.014062, D2H: 0.001298
Testing blk_offload with size 5000...
tee: /dev/tty: No such device or address
Saved: blk_offload, 5000, H2D: 0.018853, Kernel: 0.204602, D2H: 0.009554
Testing asy_offload with size 100...
tee: /dev/tty: No such device or address
Saved: asy_offload, 100, H2D: 0.000977, Kernel: 0.016524, D2H: 0.000003
Testing asy_offload with size 200...
tee: /dev/tty: No such device or address
Saved: asy_offload, 200, H2D: 0.001189, Kernel: 0.005362, D2H: 0.000005
Testing asy_offload with size 500...
tee: /dev/tty: No such device or address
Saved: asy_offload, 500, H2D: 0.015496, Kernel: 0.006968, D2H: 0.000011
Testing asy_offload with size 1000...
tee: /dev/tty: No such device or address
Saved: asy_offload, 1000, H2D: 0.004038, Kernel: 0.012625, D2H: 0.000019
Testing asy_offload with size 2000...
tee: /dev/tty: No such device or address
Saved: asy_offload, 2000, H2D: 0.009158, Kernel: 0.024585, D2H: 0.000036
Testing asy_offload with size 5000...
tee: /dev/tty: No such device or address
Saved: asy_offload, 5000, H2D: 0.011793, Kernel: 0.307764, D2H: 0.000100
Results saved to offload_performance_resultsnumber2real.csv

------------------------------------------------------------
Sender: LSF System <lsfadmin@hpc.dtu.dk>
Subject: Job 23851202: <mm_batch_gpu> in cluster <dcc> Done

Job <mm_batch_gpu> was submitted from host <n-62-12-81> by user <s230274> in cluster <dcc> at Thu Jan 23 22:49:38 2025
Job was executed on host(s) <32*n-62-12-88>, in queue <hpcintrogpu>, as user <s230274> in cluster <dcc> at Thu Jan 23 22:49:40 2025
</zhome/97/2/198344> was used as the home directory.
</zhome/97/2/198344/assignment_3/hpc_assignment3> was used as the working directory.
Started at Thu Jan 23 22:49:40 2025
Terminated at Thu Jan 23 22:52:06 2025
Results reported at Thu Jan 23 22:52:06 2025

Your job looked like:

------------------------------------------------------------
# LSBATCH: User input
!/bin/bash
# Batch script to test offload methods with kernel time logging

#BSUB -J mm_batch_gpu
#BSUB -o mm_batch_gpu_%J.out
#BSUB -q hpcintrogpu
#BSUB -n 32
#BSUB -R "rusage[mem=2048]"
#BSUB -W 15
#BSUB -R "span[hosts=1]"
#BSUB -gpu "num=1:mode=exclusive_process"

# Define method names based on README
METHODS="mkn_offload mnk_offload blk_offload asy_offload"

# Define matrix sizes
SIZES="100 200 500 1000 2000 5000"

# Output file
RESULTS_FILE="offload_performance_resultsnumber2real.csv"

# Clear old results and write header
echo "Method, Size, H2D (s), Kernel (s), D2H (s)" > "$RESULTS_FILE"

# Load necessary modules
module load nvhpc/24.11  # Adjust if needed for your HPC setup

# Run tests for each method and size
for METHOD in $METHODS; do
    for SIZE in $SIZES; do
        echo "Testing $METHOD with size $SIZE..."

        # Run executable and capture output
        OUTPUT=$(./matmult_c.nvc++ "$METHOD" "$SIZE" "$SIZE" "$SIZE" 2>&1 | tee /dev/tty)

        # Extract performance metrics
        RESULT_LINE=$(echo "$OUTPUT" | grep -m1 "$METHOD")

        # Extract H2D, Kernel, and D2H times
        H2D=$(echo "$RESULT_LINE" | awk -F', ' '{print $3}')
        KERNEL=$(echo "$RESULT_LINE" | awk -F', ' '{print $4}')
        D2H=$(echo "$RESULT_LINE" | awk -F', ' '{print $5}')

        # Default to 0 if values are missing
        H2D=${H2D:-0}
        KERNEL=${KERNEL:-0}
        D2H=${D2H:-0}

        # Log results
        echo "$METHOD, $SIZE, $H2D, $KERNEL, $D2H" >> "$RESULTS_FILE"

(... more ...)
------------------------------------------------------------

Successfully completed.

Resource usage summary:

    CPU time :                                   177.00 sec.
    Max Memory :                                 747 MB
    Average Memory :                             588.75 MB
    Total Requested Memory :                     65536.00 MB
    Delta Memory :                               64789.00 MB
    Max Swap :                                   -
    Max Processes :                              6
    Max Threads :                                11
    Run time :                                   146 sec.
    Turnaround time :                            148 sec.

The output (if any) is above this job summary.

