./matmult_c.nvc++: error while loading shared libraries: libmatmult.so: cannot open shared object file: No such file or directory
./matmult_c.nvc++: error while loading shared libraries: libmatmult.so: cannot open shared object file: No such file or directory
./matmult_c.nvc++: error while loading shared libraries: libmatmult.so: cannot open shared object file: No such file or directory
./matmult_c.nvc++: error while loading shared libraries: libmatmult.so: cannot open shared object file: No such file or directory
./matmult_c.nvc++: error while loading shared libraries: libmatmult.so: cannot open shared object file: No such file or directory
./matmult_c.nvc++: error while loading shared libraries: libmatmult.so: cannot open shared object file: No such file or directory

------------------------------------------------------------
Sender: LSF System <lsfadmin@hpc.dtu.dk>
Subject: Job 23826528: <mm_batch_gpu> in cluster <dcc> Exited

Job <mm_batch_gpu> was submitted from host <n-62-30-4> by user <s230274> in cluster <dcc> at Thu Jan 23 02:19:56 2025
Job was executed on host(s) <32*n-62-12-88>, in queue <hpcintrogpu>, as user <s230274> in cluster <dcc> at Thu Jan 23 02:19:56 2025
</zhome/97/2/198344> was used as the home directory.
</zhome/97/2/198344/assignment_3/hpc_assignment3> was used as the working directory.
Started at Thu Jan 23 02:19:56 2025
Terminated at Thu Jan 23 02:19:58 2025
Results reported at Thu Jan 23 02:19:58 2025

Your job looked like:

------------------------------------------------------------
# LSBATCH: User input
#!/bin/bash
# 02614 - High-Performance Computing, January 2024
# 
# batch script to run matmult on a dedicated GPU server in the hpcintrogpu
# queue
#
# Author: Bernd Dammann <bd@cc.dtu.dk>
#         Hans Henrik Brandenborg Sørensen <hhbs@dtu.dk>
#
#BSUB -J mm_batch_gpu
#BSUB -o mm_batch_gpu_%J.out
#BSUB -q hpcintrogpu
#BSUB -n 32
#BSUB -R "rusage[mem=2048]"
#BSUB -W 15
#BSUB -R "span[hosts=1]"
#BSUB -gpu "num=1:mode=exclusive_process"

# define the driver name to use
# valid values: matmult_c.nvc++, matmult_f.nvc++
#
EXECUTABLE=matmult_c.nvc++

# define the mkn values in the MKN variable
#
SIZES="100 200 500 1000 2000 5000"

# define the method type in TYPE
#
TYPE="mkn_omp"

# enable(1)/disable(0) result checking
export MATMULT_COMPARE=0

# load module for shared cuda libraries
module load nvhpc/24.11

# start the collect command with the above settings
for S in $SIZES
do
    ./$EXECUTABLE $TYPE $S $S $S
done

------------------------------------------------------------

Exited with exit code 127.

Resource usage summary:

    CPU time :                                   0.70 sec.
    Max Memory :                                 -
    Average Memory :                             -
    Total Requested Memory :                     65536.00 MB
    Delta Memory :                               -
    Max Swap :                                   -
    Max Processes :                              -
    Max Threads :                                -
    Run time :                                   64 sec.
    Turnaround time :                            2 sec.

The output (if any) is above this job summary.

