/zhome/97/2/198344/.lsbatch/1737663135.23850551.shell: line 1: !/bin/bash: No such file or directory
Testing mkn_offload with size 100...
tee: /dev/tty: No such device or address
Saved: mkn_offload, 100, H2D: 0.001462, Kernel: 0.006214, D2H: 0.000050
Testing mkn_offload with size 200...
tee: /dev/tty: No such device or address
Saved: mkn_offload, 200, H2D: 0.001472, Kernel: 0.007108, D2H: 0.000051
Testing mkn_offload with size 500...
tee: /dev/tty: No such device or address
Saved: mkn_offload, 500, H2D: 0.006801, Kernel: 0.003045, D2H: 0.000113
Testing mkn_offload with size 1000...
tee: /dev/tty: No such device or address
Saved: mkn_offload, 1000, H2D: 0.006528, Kernel: 0.014498, D2H: 0.000234
Testing mkn_offload with size 2000...
tee: /dev/tty: No such device or address
Saved: mkn_offload, 2000, H2D: 0.009828, Kernel: 0.136151, D2H: 0.000805
Testing mkn_offload with size 5000...
tee: /dev/tty: No such device or address
Saved: mkn_offload, 5000, H2D: 0.018361, Kernel: 1.596079, D2H: 0.004423
Testing mnk_offload with size 100...
tee: /dev/tty: No such device or address
Saved: mnk_offload, 100, H2D: 0.001549, Kernel: 0.003587, D2H: 0.000049
Testing mnk_offload with size 200...
tee: /dev/tty: No such device or address
Saved: mnk_offload, 200, H2D: 0.001399, Kernel: 0.002071, D2H: 0.000050
Testing mnk_offload with size 500...
tee: /dev/tty: No such device or address
Saved: mnk_offload, 500, H2D: 0.012216, Kernel: 0.002386, D2H: 0.000111
Testing mnk_offload with size 1000...
tee: /dev/tty: No such device or address
Saved: mnk_offload, 1000, H2D: 0.007878, Kernel: 0.005328, D2H: 0.000224
Testing mnk_offload with size 2000...
tee: /dev/tty: No such device or address
Saved: mnk_offload, 2000, H2D: 0.015427, Kernel: 0.027870, D2H: 0.000755
Testing mnk_offload with size 5000...
tee: /dev/tty: No such device or address
Saved: mnk_offload, 5000, H2D: 0.011991, Kernel: 0.430635, D2H: 0.004552
Testing blk_offload with size 100...
tee: /dev/tty: No such device or address
Saved: blk_offload, 100, H2D: 0.001354, Kernel: 0.012046, D2H: 0.000053
Testing blk_offload with size 200...
tee: /dev/tty: No such device or address
Saved: blk_offload, 200, H2D: 0.001612, Kernel: 0.004329, D2H: 0.000054
Testing blk_offload with size 500...
tee: /dev/tty: No such device or address
Saved: blk_offload, 500, H2D: 0.013899, Kernel: 0.016494, D2H: 0.000091
Testing blk_offload with size 1000...
tee: /dev/tty: No such device or address
Saved: blk_offload, 1000, H2D: 0.005550, Kernel: 0.003595, D2H: 0.000217
Testing blk_offload with size 2000...
tee: /dev/tty: No such device or address
Saved: blk_offload, 2000, H2D: 0.010918, Kernel: 0.013997, D2H: 0.000739
Testing blk_offload with size 5000...
tee: /dev/tty: No such device or address
Saved: blk_offload, 5000, H2D: 0.015932, Kernel: 0.205483, D2H: 0.004497
Testing asy_offload with size 100...
tee: /dev/tty: No such device or address
Saved: asy_offload, 100, H2D: 0.001526, Kernel: 0.005642, D2H: 0.000041
Testing asy_offload with size 200...
tee: /dev/tty: No such device or address
Saved: asy_offload, 200, H2D: 0.001666, Kernel: 0.011364, D2H: 0.000045
Testing asy_offload with size 500...
tee: /dev/tty: No such device or address
Saved: asy_offload, 500, H2D: 0.008288, Kernel: 0.002876, D2H: 0.000080
Testing asy_offload with size 1000...
tee: /dev/tty: No such device or address
Saved: asy_offload, 1000, H2D: 0.006246, Kernel: 0.005295, D2H: 0.000215
Testing asy_offload with size 2000...
tee: /dev/tty: No such device or address
Saved: asy_offload, 2000, H2D: 0.003895, Kernel: 0.034393, D2H: 0.000738
Testing asy_offload with size 5000...
tee: /dev/tty: No such device or address
Saved: asy_offload, 5000, H2D: 0.024244, Kernel: 0.434941, D2H: 0.004560
Results saved to offload_performance_results.csv

------------------------------------------------------------
Sender: LSF System <lsfadmin@hpc.dtu.dk>
Subject: Job 23850551: <mm_batch_gpu> in cluster <dcc> Done

Job <mm_batch_gpu> was submitted from host <n-62-12-81> by user <s230274> in cluster <dcc> at Thu Jan 23 21:12:15 2025
Job was executed on host(s) <32*n-62-12-88>, in queue <hpcintrogpu>, as user <s230274> in cluster <dcc> at Thu Jan 23 21:12:17 2025
</zhome/97/2/198344> was used as the home directory.
</zhome/97/2/198344/assignment_3/hpc_assignment3> was used as the working directory.
Started at Thu Jan 23 21:12:17 2025
Terminated at Thu Jan 23 21:14:46 2025
Results reported at Thu Jan 23 21:14:46 2025

Your job looked like:

------------------------------------------------------------
# LSBATCH: User input
!/bin/bash
# Batch script to test offload methods with kernel time logging

#BSUB -J mm_batch_gpu
#BSUB -o mm_batch_gpu_%J.out
#BSUB -q hpcintrogpu
#BSUB -n 32
#BSUB -R "rusage[mem=2048]"
#BSUB -W 15
#BSUB -R "span[hosts=1]"
#BSUB -gpu "num=1:mode=exclusive_process"

# Define method names based on README
METHODS="mkn_offload mnk_offload blk_offload asy_offload"

# Define matrix sizes
SIZES="100 200 500 1000 2000 5000"

# Output file
RESULTS_FILE="offload_performance_results.csv"

# Clear old results and write header
echo "Method, Size, H2D (s), Kernel (s), D2H (s)" > "$RESULTS_FILE"

# Load necessary modules
module load nvhpc/24.11  # Adjust if needed for your HPC setup

# Run tests for each method and size
for METHOD in $METHODS; do
    for SIZE in $SIZES; do
        echo "Testing $METHOD with size $SIZE..."

        # Run executable and capture output
        OUTPUT=$(./matmult_c.nvc++ "$METHOD" "$SIZE" "$SIZE" "$SIZE" 2>&1 | tee /dev/tty)

        # Extract performance metrics
        RESULT_LINE=$(echo "$OUTPUT" | grep -m1 "$METHOD")

        # Extract H2D, Kernel, and D2H times
        H2D=$(echo "$RESULT_LINE" | awk -F', ' '{print $3}')
        KERNEL=$(echo "$RESULT_LINE" | awk -F', ' '{print $4}')
        D2H=$(echo "$RESULT_LINE" | awk -F', ' '{print $5}')

        # Default to 0 if values are missing
        H2D=${H2D:-0}
        KERNEL=${KERNEL:-0}
        D2H=${D2H:-0}

        # Log results
        echo "$METHOD, $SIZE, $H2D, $KERNEL, $D2H" >> "$RESULTS_FILE"

(... more ...)
------------------------------------------------------------

Successfully completed.

Resource usage summary:

    CPU time :                                   181.00 sec.
    Max Memory :                                 115 MB
    Average Memory :                             113.00 MB
    Total Requested Memory :                     65536.00 MB
    Delta Memory :                               65421.00 MB
    Max Swap :                                   -
    Max Processes :                              6
    Max Threads :                                11
    Run time :                                   197 sec.
    Turnaround time :                            151 sec.

The output (if any) is above this job summary.

