Testing mkn_offload with size 100...
tee: /dev/tty: No such device or address
Saved: mkn_offload, 100, 0.001564, 1.278772
Testing mkn_offload with size 200...
tee: /dev/tty: No such device or address
Saved: mkn_offload, 200, 0.001976, 8.097165
Testing mkn_offload with size 500...
tee: /dev/tty: No such device or address
Saved: mkn_offload, 500, 0.003227, 77.471335
Testing mkn_offload with size 1000...
tee: /dev/tty: No such device or address
Saved: mkn_offload, 1000, 0.014809, 135.053008
Testing mkn_offload with size 2000...
tee: /dev/tty: No such device or address
Saved: mkn_offload, 2000, 0.141941, 112.722891
Testing mkn_offload with size 5000...
tee: /dev/tty: No such device or address
Saved: mkn_offload, 5000, 1.658987, 150.694369
Testing mnk_offload with size 100...
tee: /dev/tty: No such device or address
Saved: mnk_offload, 100, 0.003419, .584966
Testing mnk_offload with size 200...
tee: /dev/tty: No such device or address
Saved: mnk_offload, 200, 0.001685, 9.495548
Testing mnk_offload with size 500...
tee: /dev/tty: No such device or address
Saved: mnk_offload, 500, 0.002455, 101.832993
Testing mnk_offload with size 1000...
tee: /dev/tty: No such device or address
Saved: mnk_offload, 1000, 0.004261, 469.373386
Testing mnk_offload with size 2000...
tee: /dev/tty: No such device or address
Saved: mnk_offload, 2000, 0.024080, 664.451827
Testing mnk_offload with size 5000...
tee: /dev/tty: No such device or address
Saved: mnk_offload, 5000, 0.434145, 575.844475
Testing asy_offload with size 100...
tee: /dev/tty: No such device or address
Saved: asy_offload, 100, 0.015119, .132283
Testing asy_offload with size 200...
tee: /dev/tty: No such device or address
Saved: asy_offload, 200, 0.009630, 1.661474
Testing asy_offload with size 500...
tee: /dev/tty: No such device or address
Saved: asy_offload, 500, 0.023554, 10.613908
Testing asy_offload with size 1000...
tee: /dev/tty: No such device or address
Saved: asy_offload, 1000, 0.028567, 70.010851
Testing asy_offload with size 2000...
tee: /dev/tty: No such device or address
Saved: asy_offload, 2000, 0.071139, 224.911792
Testing asy_offload with size 5000...
