Testing mkn_offload with size 100...
tee: /dev/tty: No such device or address
Saved: mkn_offload, 100, 0.007213, .277277
Testing mkn_offload with size 200...
tee: /dev/tty: No such device or address
Saved: mkn_offload, 200, 0.003374, 4.742145
Testing mkn_offload with size 500...
tee: /dev/tty: No such device or address
Saved: mkn_offload, 500, 0.003392, 73.702830
Testing mkn_offload with size 1000...
tee: /dev/tty: No such device or address
Saved: mkn_offload, 1000, 0.014368, 139.198218
Testing mkn_offload with size 2000...
tee: /dev/tty: No such device or address
Saved: mkn_offload, 2000, 0.138629, 115.415966
Testing mkn_offload with size 5000...
tee: /dev/tty: No such device or address
Saved: mkn_offload, 5000, 1.590451, 157.188118
Testing mnk_offload with size 100...
tee: /dev/tty: No such device or address
Saved: mnk_offload, 100, 0.004270, .468384
Testing mnk_offload with size 200...
tee: /dev/tty: No such device or address
Saved: mnk_offload, 200, 0.009255, 1.728795
Testing mnk_offload with size 500...
tee: /dev/tty: No such device or address
Saved: mnk_offload, 500, 0.002385, 104.821802
Testing mnk_offload with size 1000...
tee: /dev/tty: No such device or address
Saved: mnk_offload, 1000, 0.004309, 464.144813
Testing mnk_offload with size 2000...
tee: /dev/tty: No such device or address
Saved: mnk_offload, 2000, 0.023876, 670.128999
Testing mnk_offload with size 5000...
tee: /dev/tty: No such device or address
Saved: mnk_offload, 5000, 0.424401, 589.065530
Testing blk_offload with size 100...
tee: /dev/tty: No such device or address
Saved: blk_offload, 100, 0.004477, .446727
Testing blk_offload with size 200...
tee: /dev/tty: No such device or address
Saved: blk_offload, 200, 0.004786, 3.343083
Testing blk_offload with size 500...
tee: /dev/tty: No such device or address
Saved: blk_offload, 500, 0.002451, 101.999184
Testing blk_offload with size 1000...
tee: /dev/tty: No such device or address
Saved: blk_offload, 1000, 0.003561, 561.639988
Testing blk_offload with size 2000...
tee: /dev/tty: No such device or address
Saved: blk_offload, 2000, 0.013352, 1198.322348
Testing blk_offload with size 5000...
tee: /dev/tty: No such device or address
Saved: blk_offload, 5000, 0.191605, 1304.767620
Testing asy_offload with size 100...
tee: /dev/tty: No such device or address
Saved: asy_offload, 100, 0.015089, .132546
Testing asy_offload with size 200...
tee: /dev/tty: No such device or address
Saved: asy_offload, 200, 0.019397, .824869
Testing asy_offload with size 500...
tee: /dev/tty: No such device or address
Saved: asy_offload, 500, 0.007777, 32.146071
Testing asy_offload with size 1000...
tee: /dev/tty: No such device or address
Saved: asy_offload, 1000, 0.008609, 232.315019
Testing asy_offload with size 2000...
tee: /dev/tty: No such device or address
Saved: asy_offload, 2000, 0.029588, 540.759767
Testing asy_offload with size 5000...
tee: /dev/tty: No such device or address
Saved: asy_offload, 5000, 0.243980, 1024.674153
Results saved to offload_performance_results_gflops_draft.csv

------------------------------------------------------------
Sender: LSF System <lsfadmin@hpc.dtu.dk>
Subject: Job 23850644: <mm_batch_gpu> in cluster <dcc> Done

Job <mm_batch_gpu> was submitted from host <n-62-12-81> by user <s230274> in cluster <dcc> at Thu Jan 23 22:07:14 2025
Job was executed on host(s) <32*n-62-12-88>, in queue <hpcintrogpu>, as user <s230274> in cluster <dcc> at Thu Jan 23 22:07:16 2025
</zhome/97/2/198344> was used as the home directory.
</zhome/97/2/198344/assignment_3/hpc_assignment3> was used as the working directory.
Started at Thu Jan 23 22:07:16 2025
Terminated at Thu Jan 23 22:09:42 2025
Results reported at Thu Jan 23 22:09:42 2025

Your job looked like:

------------------------------------------------------------
# LSBATCH: User input
#!/bin/bash
# Batch script to test all offload methods and compute GFLOPS/s
# Batch script for profiling all matrix multiplication implementations using NSight Systems (NSYS) and Nsight Compute (NCU)

#BSUB -J mm_batch_gpu
#BSUB -o mm_batch_gpu_%J.out
#BSUB -q hpcintrogpu
#BSUB -n 32
#BSUB -R "rusage[mem=2048]"
#BSUB -W 15
#BSUB -R "span[hosts=1]"
#BSUB -gpu "num=1:mode=exclusive_process"

# Define method names
METHODS="mkn_offload mnk_offload blk_offload asy_offload"

# Define matrix sizes
SIZES="100 200 500 1000 2000 5000"

# Output file
RESULTS_FILE="offload_performance_results_gflops_draft.csv"

# Clear old results
echo "Method, Size, Kernel (s), GFLOPS/s" > $RESULTS_FILE

# Load necessary modules (adjust if required)
module load nvhpc/24.11

# Run tests for each method and size
for METHOD in $METHODS; do
    for SIZE in $SIZES; do
        echo "Testing $METHOD with size $SIZE..."

        # Run executable and capture output
        OUTPUT=$(./matmult_c.nvc++ "$METHOD" "$SIZE" "$SIZE" "$SIZE" 2>&1 | tee /dev/tty)

        # Extract Kernel time
        RESULT_LINE=$(echo "$OUTPUT" | grep -m1 "$METHOD")

        KERNEL=$(echo "$RESULT_LINE" | awk -F', ' '{print $4}')

        # Check if Kernel time is empty or zero, if so, set to zero
        KERNEL=${KERNEL:-0}

        # Compute GFLOPS/s: (2 * m * n * k) / (Kernel Time * 10^9)
        if [[ "$KERNEL" == "0" || "$KERNEL" == "" ]]; then
            GFLOPS="0"
        else
            GFLOPS=$(echo "scale=6; (2 * $SIZE * $SIZE * $SIZE) / ($KERNEL * 10^9)" | bc)
        fi

(... more ...)
------------------------------------------------------------

Successfully completed.

Resource usage summary:

    CPU time :                                   177.00 sec.
    Max Memory :                                 156 MB
    Average Memory :                             141.33 MB
    Total Requested Memory :                     65536.00 MB
    Delta Memory :                               65380.00 MB
    Max Swap :                                   -
    Max Processes :                              6
    Max Threads :                                11
    Run time :                                   169 sec.
    Turnaround time :                            148 sec.

The output (if any) is above this job summary.

