Testing mkn_offload with size 100...
tee: /dev/tty: No such device or address
Saved: mkn_offload, 100, 0.005921, .337780
Testing mkn_offload with size 200...
tee: /dev/tty: No such device or address
Saved: mkn_offload, 200, 0.007583, 2.109982
Testing mkn_offload with size 500...
tee: /dev/tty: No such device or address
Saved: mkn_offload, 500, 0.002604, 96.006144
Testing mkn_offload with size 1000...
tee: /dev/tty: No such device or address
Saved: mkn_offload, 1000, 0.009920, 201.612903
Testing mkn_offload with size 2000...
tee: /dev/tty: No such device or address
Saved: mkn_offload, 2000, 0.089516, 178.738996
Testing mkn_offload with size 5000...
tee: /dev/tty: No such device or address
Saved: mkn_offload, 5000, 1.074596, 232.645570
Testing mnk_offload with size 100...
tee: /dev/tty: No such device or address
Saved: mnk_offload, 100, 0.001608, 1.243781
Testing mnk_offload with size 200...
tee: /dev/tty: No such device or address
Saved: mnk_offload, 200, 0.003082, 5.191434
Testing mnk_offload with size 500...
tee: /dev/tty: No such device or address
Saved: mnk_offload, 500, 0.001822, 137.211855
Testing mnk_offload with size 1000...
tee: /dev/tty: No such device or address
Saved: mnk_offload, 1000, 0.003265, 612.557427
Testing mnk_offload with size 2000...
tee: /dev/tty: No such device or address
Saved: mnk_offload, 2000, 0.017090, 936.220011
Testing mnk_offload with size 5000...
tee: /dev/tty: No such device or address
Saved: mnk_offload, 5000, 0.319228, 783.139323
Testing blk_offload with size 100...
tee: /dev/tty: No such device or address
Saved: blk_offload, 100, 0.001606, 1.245330
Testing blk_offload with size 200...
tee: /dev/tty: No such device or address
Saved: blk_offload, 200, 0.003366, 4.753416
Testing blk_offload with size 500...
tee: /dev/tty: No such device or address
Saved: blk_offload, 500, 0.001856, 134.698275
Testing blk_offload with size 1000...
tee: /dev/tty: No such device or address
Saved: blk_offload, 1000, 0.002547, 785.237534
Testing blk_offload with size 2000...
tee: /dev/tty: No such device or address
Saved: blk_offload, 2000, 0.011260, 1420.959147
Testing blk_offload with size 5000...
tee: /dev/tty: No such device or address
Saved: blk_offload, 5000, 0.143632, 1740.559206
Results saved to offload_performance_noasysnum5.csv

------------------------------------------------------------
Sender: LSF System <lsfadmin@hpc.dtu.dk>
Subject: Job 23871079: <mm_batch_gpu> in cluster <dcc> Done

Job <mm_batch_gpu> was submitted from host <n-62-11-46> by user <s230274> in cluster <dcc> at Fri Jan 24 09:49:46 2025
Job was executed on host(s) <32*n-62-12-89>, in queue <hpcintrogpu>, as user <s230274> in cluster <dcc> at Fri Jan 24 09:49:46 2025
</zhome/97/2/198344> was used as the home directory.
</zhome/97/2/198344/assignment_3/hpc_assignment3> was used as the working directory.
Started at Fri Jan 24 09:49:46 2025
Terminated at Fri Jan 24 09:51:33 2025
Results reported at Fri Jan 24 09:51:33 2025

Your job looked like:

------------------------------------------------------------
# LSBATCH: User input
#!/bin/bash
# Batch script to test all offload methods and compute GFLOPS/s
# Batch script for profiling all matrix multiplication implementations using NSight Systems (NSYS) and Nsight Compute (NCU)

#BSUB -J mm_batch_gpu
#BSUB -o mm_batch_gpu_%J.out
#BSUB -q hpcintrogpu
#BSUB -n 32
#BSUB -R "rusage[mem=2048]"
#BSUB -W 15
#BSUB -R "span[hosts=1]"
#BSUB -gpu "num=1:mode=exclusive_process"

# Define method names
METHODS="mkn_offload mnk_offload blk_offload"

# Define matrix sizes
SIZES="100 200 500 1000 2000 5000"

# Output file
RESULTS_FILE="offload_performance_noasysnum5.csv"

# Clear old results
echo "Method, Size, Kernel (s), GFLOPS/s" > $RESULTS_FILE

# Load necessary modules (adjust if required)
module load nvhpc/24.11

# Run tests for each method and size
for METHOD in $METHODS; do
    for SIZE in $SIZES; do
        echo "Testing $METHOD with size $SIZE..."

        # Run executable and capture output
        OUTPUT=$(./matmult_c.nvc++ "$METHOD" "$SIZE" "$SIZE" "$SIZE" 2>&1 | tee /dev/tty)

        # Extract Kernel time
        RESULT_LINE=$(echo "$OUTPUT" | grep -m1 "$METHOD")

        KERNEL=$(echo "$RESULT_LINE" | awk -F', ' '{print $4}')

        # Check if Kernel time is empty or zero, if so, set to zero
        KERNEL=${KERNEL:-0}

        # Compute GFLOPS/s: (2 * m * n * k) / (Kernel Time * 10^9)
        if [[ "$KERNEL" == "0" || "$KERNEL" == "" ]]; then
            GFLOPS="0"
        else
            GFLOPS=$(echo "scale=6; (2 * $SIZE * $SIZE * $SIZE) / ($KERNEL * 10^9)" | bc)
        fi

(... more ...)
------------------------------------------------------------

Successfully completed.

Resource usage summary:

    CPU time :                                   129.00 sec.
    Max Memory :                                 115 MB
    Average Memory :                             114.67 MB
    Total Requested Memory :                     65536.00 MB
    Delta Memory :                               65421.00 MB
    Max Swap :                                   -
    Max Processes :                              6
    Max Threads :                                11
    Run time :                                   128 sec.
    Turnaround time :                            107 sec.

The output (if any) is above this job summary.

