Testing mkn_offload with size 100...
tee: /dev/tty: No such device or address
Saved: mkn_offload, 100, 0.002101, .951927
Testing mkn_offload with size 200...
tee: /dev/tty: No such device or address
Saved: mkn_offload, 200, 0.010738, 1.490035
Testing mkn_offload with size 500...
tee: /dev/tty: No such device or address
Saved: mkn_offload, 500, 0.002555, 97.847358
Testing mkn_offload with size 1000...
tee: /dev/tty: No such device or address
Saved: mkn_offload, 1000, 0.009881, 202.408663
Testing mkn_offload with size 2000...
tee: /dev/tty: No such device or address
Saved: mkn_offload, 2000, 0.090034, 177.710642
Testing mkn_offload with size 5000...
tee: /dev/tty: No such device or address
Saved: mkn_offload, 5000, 1.069612, 233.729614
Testing mnk_offload with size 100...
tee: /dev/tty: No such device or address
Saved: mnk_offload, 100, 0.016538, .120933
Testing mnk_offload with size 200...
tee: /dev/tty: No such device or address
Saved: mnk_offload, 200, 0.001622, 9.864364
Testing mnk_offload with size 500...
tee: /dev/tty: No such device or address
Saved: mnk_offload, 500, 0.001912, 130.753138
Testing mnk_offload with size 1000...
tee: /dev/tty: No such device or address
Saved: mnk_offload, 1000, 0.003236, 618.046971
Testing mnk_offload with size 2000...
tee: /dev/tty: No such device or address
Saved: mnk_offload, 2000, 0.016667, 959.980800
Testing mnk_offload with size 5000...
tee: /dev/tty: No such device or address
Saved: mnk_offload, 5000, 0.319187, 783.239918
Testing blk_offload with size 100...
tee: /dev/tty: No such device or address
Saved: blk_offload, 100, 0.005043, .396589
Testing blk_offload with size 200...
tee: /dev/tty: No such device or address
Saved: blk_offload, 200, 0.002636, 6.069802
Testing blk_offload with size 500...
tee: /dev/tty: No such device or address
Saved: blk_offload, 500, 0.001802, 138.734739
Testing blk_offload with size 1000...
tee: /dev/tty: No such device or address
Saved: blk_offload, 1000, 0.002604, 768.049155
Testing blk_offload with size 2000...
tee: /dev/tty: No such device or address
Saved: blk_offload, 2000, 0.011303, 1415.553392
Testing blk_offload with size 5000...
tee: /dev/tty: No such device or address
Saved: blk_offload, 5000, 0.144324, 1732.213630
Testing asy_offload with size 100...
tee: /dev/tty: No such device or address
Saved: asy_offload, 100, 0.013541, .147699
Testing asy_offload with size 200...
tee: /dev/tty: No such device or address
Saved: asy_offload, 200, 0.008822, 1.813647
Testing asy_offload with size 500...
tee: /dev/tty: No such device or address
Saved: asy_offload, 500, 0.002935, 85.178875
Testing asy_offload with size 1000...
tee: /dev/tty: No such device or address
Saved: asy_offload, 1000, 0.007428, 269.251480
Testing asy_offload with size 2000...
tee: /dev/tty: No such device or address
Saved: asy_offload, 2000, 0.022507, 710.889945
Testing asy_offload with size 5000...
tee: /dev/tty: No such device or address
Saved: asy_offload, 5000, 0.374628, 667.328656
Results saved to offload_performance_results_gflops_draft.csv

------------------------------------------------------------
Sender: LSF System <lsfadmin@hpc.dtu.dk>
Subject: Job 23850616: <mm_batch_gpu> in cluster <dcc> Done

Job <mm_batch_gpu> was submitted from host <n-62-12-81> by user <s230274> in cluster <dcc> at Thu Jan 23 21:52:01 2025
Job was executed on host(s) <32*n-62-12-89>, in queue <hpcintrogpu>, as user <s230274> in cluster <dcc> at Thu Jan 23 21:52:03 2025
</zhome/97/2/198344> was used as the home directory.
</zhome/97/2/198344/assignment_3/hpc_assignment3> was used as the working directory.
Started at Thu Jan 23 21:52:03 2025
Terminated at Thu Jan 23 21:54:26 2025
Results reported at Thu Jan 23 21:54:26 2025

Your job looked like:

------------------------------------------------------------
# LSBATCH: User input
#!/bin/bash
# Batch script to test all offload methods and compute GFLOPS/s
# Batch script for profiling all matrix multiplication implementations using NSight Systems (NSYS) and Nsight Compute (NCU)

#BSUB -J mm_batch_gpu
#BSUB -o mm_batch_gpu_%J.out
#BSUB -q hpcintrogpu
#BSUB -n 32
#BSUB -R "rusage[mem=2048]"
#BSUB -W 15
#BSUB -R "span[hosts=1]"
#BSUB -gpu "num=1:mode=exclusive_process"

# Define method names
METHODS="mkn_offload mnk_offload blk_offload asy_offload"

# Define matrix sizes
SIZES="100 200 500 1000 2000 5000"

# Output file
RESULTS_FILE="offload_performance_results_gflops_draft.csv"

# Clear old results
echo "Method, Size, Kernel (s), GFLOPS/s" > $RESULTS_FILE

# Load necessary modules (adjust if required)
module load nvhpc/24.11

# Run tests for each method and size
for METHOD in $METHODS; do
    for SIZE in $SIZES; do
        echo "Testing $METHOD with size $SIZE..."

        # Run executable and capture output
        OUTPUT=$(./matmult_c.nvc++ "$METHOD" "$SIZE" "$SIZE" "$SIZE" 2>&1 | tee /dev/tty)

        # Extract Kernel time
        RESULT_LINE=$(echo "$OUTPUT" | grep -m1 "$METHOD")

        KERNEL=$(echo "$RESULT_LINE" | awk -F', ' '{print $4}')

        # Check if Kernel time is empty or zero, if so, set to zero
        KERNEL=${KERNEL:-0}

        # Compute GFLOPS/s: (2 * m * n * k) / (Kernel Time * 10^9)
        if [[ "$KERNEL" == "0" || "$KERNEL" == "" ]]; then
            GFLOPS="0"
        else
            GFLOPS=$(echo "scale=6; (2 * $SIZE * $SIZE * $SIZE) / ($KERNEL * 10^9)" | bc)
        fi

(... more ...)
------------------------------------------------------------

Successfully completed.

Resource usage summary:

    CPU time :                                   172.00 sec.
    Max Memory :                                 115 MB
    Average Memory :                             96.33 MB
    Total Requested Memory :                     65536.00 MB
    Delta Memory :                               65421.00 MB
    Max Swap :                                   -
    Max Processes :                              6
    Max Threads :                                11
    Run time :                                   187 sec.
    Turnaround time :                            145 sec.

The output (if any) is above this job summary.

