Testing mkn_offload with size 100...
tee: /dev/tty: No such device or address
Saved: mkn_offload, 100, 0.001752, 1.141552
Testing mkn_offload with size 200...
tee: /dev/tty: No such device or address
Saved: mkn_offload, 200, 0.001786, 8.958566
Testing mkn_offload with size 500...
tee: /dev/tty: No such device or address
Saved: mkn_offload, 500, 0.002959, 84.488002
Testing mkn_offload with size 1000...
tee: /dev/tty: No such device or address
Saved: mkn_offload, 1000, 0.014758, 135.519718
Testing mkn_offload with size 2000...
tee: /dev/tty: No such device or address
Saved: mkn_offload, 2000, 0.141689, 112.923374
Testing mkn_offload with size 5000...
tee: /dev/tty: No such device or address
Saved: mkn_offload, 5000, 1.651908, 151.340147
Testing mnk_offload with size 100...
tee: /dev/tty: No such device or address
Saved: mnk_offload, 100, 0.002105, .950118
Testing mnk_offload with size 200...
tee: /dev/tty: No such device or address
Saved: mnk_offload, 200, 0.001764, 9.070294
Testing mnk_offload with size 500...
tee: /dev/tty: No such device or address
Saved: mnk_offload, 500, 0.002201, 113.584734
Testing mnk_offload with size 1000...
tee: /dev/tty: No such device or address
Saved: mnk_offload, 1000, 0.004519, 442.575791
Testing mnk_offload with size 2000...
tee: /dev/tty: No such device or address
Saved: mnk_offload, 2000, 0.023855, 670.718926
Testing mnk_offload with size 5000...
tee: /dev/tty: No such device or address
Saved: mnk_offload, 5000, 0.434878, 574.873872
Testing blk_offload with size 100...
tee: /dev/tty: No such device or address
Saved: blk_offload, 100, 0.002650, .754716
Testing blk_offload with size 200...
tee: /dev/tty: No such device or address
Saved: blk_offload, 200, 0.010276, 1.557026
Testing blk_offload with size 500...
tee: /dev/tty: No such device or address
Saved: blk_offload, 500, 0.046734, 5.349424
Testing blk_offload with size 1000...
tee: /dev/tty: No such device or address
Saved: blk_offload, 1000, 0.273088, 7.323646
Testing blk_offload with size 2000...
tee: /dev/tty: No such device or address
Saved: blk_offload, 2000, 1.085643, 14.737809
Testing blk_offload with size 5000...
tee: /dev/tty: No such device or address
Saved: blk_offload, 5000, 6.804783, 36.738864
Testing asy_offload with size 100...
tee: /dev/tty: No such device or address
Saved: asy_offload, 100, 0.017699, .113000
Testing asy_offload with size 200...
tee: /dev/tty: No such device or address
Saved: asy_offload, 200, 0.002247, 7.120605
Testing asy_offload with size 500...
tee: /dev/tty: No such device or address
Saved: asy_offload, 500, 0.002748, 90.975254
Testing asy_offload with size 1000...
tee: /dev/tty: No such device or address
Saved: asy_offload, 1000, 0.005322, 375.798571
Testing asy_offload with size 2000...
tee: /dev/tty: No such device or address
Saved: asy_offload, 2000, 0.025514, 627.106686
Testing asy_offload with size 5000...
tee: /dev/tty: No such device or address
Saved: asy_offload, 5000, 0.448788, 557.055892
Results saved to offload_performance_results_gflops.csv

------------------------------------------------------------
Sender: LSF System <lsfadmin@hpc.dtu.dk>
Subject: Job 23850332: <mm_batch_gpu> in cluster <dcc> Done

Job <mm_batch_gpu> was submitted from host <n-62-12-81> by user <s230274> in cluster <dcc> at Thu Jan 23 20:07:39 2025
Job was executed on host(s) <32*n-62-12-88>, in queue <hpcintrogpu>, as user <s230274> in cluster <dcc> at Thu Jan 23 20:07:41 2025
</zhome/97/2/198344> was used as the home directory.
</zhome/97/2/198344/assignment_3/hpc_assignment3> was used as the working directory.
Started at Thu Jan 23 20:07:41 2025
Terminated at Thu Jan 23 20:10:13 2025
Results reported at Thu Jan 23 20:10:13 2025

Your job looked like:

------------------------------------------------------------
# LSBATCH: User input
#!/bin/bash
# Batch script to test all offload methods and compute GFLOPS/s
# Batch script for profiling all matrix multiplication implementations using NSight Systems (NSYS) and Nsight Compute (NCU)

#BSUB -J mm_batch_gpu
#BSUB -o mm_batch_gpu_%J.out
#BSUB -q hpcintrogpu
#BSUB -n 32
#BSUB -R "rusage[mem=2048]"
#BSUB -W 15
#BSUB -R "span[hosts=1]"
#BSUB -gpu "num=1:mode=exclusive_process"

# Define method names
METHODS="mkn_offload mnk_offload blk_offload asy_offload"

# Define matrix sizes
SIZES="100 200 500 1000 2000 5000"

# Output file
RESULTS_FILE="offload_performance_results_gflops.csv"

# Clear old results
echo "Method, Size, Kernel (s), GFLOPS/s" > $RESULTS_FILE

# Load necessary modules (adjust if required)
module load nvhpc/24.11

# Run tests for each method and size
for METHOD in $METHODS; do
    for SIZE in $SIZES; do
        echo "Testing $METHOD with size $SIZE..."

        # Run executable and capture output
        OUTPUT=$(./matmult_c.nvc++ "$METHOD" "$SIZE" "$SIZE" "$SIZE" 2>&1 | tee /dev/tty)

        # Extract Kernel time
        RESULT_LINE=$(echo "$OUTPUT" | grep -m1 "$METHOD")

        KERNEL=$(echo "$RESULT_LINE" | awk -F', ' '{print $4}')

        # Check if Kernel time is empty or zero, if so, set to zero
        KERNEL=${KERNEL:-0}

        # Compute GFLOPS/s: (2 * m * n * k) / (Kernel Time * 10^9)
        if [[ "$KERNEL" == "0" || "$KERNEL" == "" ]]; then
            GFLOPS="0"
        else
            GFLOPS=$(echo "scale=6; (2 * $SIZE * $SIZE * $SIZE) / ($KERNEL * 10^9)" | bc)
        fi

(... more ...)
------------------------------------------------------------

Successfully completed.

Resource usage summary:

    CPU time :                                   182.00 sec.
    Max Memory :                                 119 MB
    Average Memory :                             117.50 MB
    Total Requested Memory :                     65536.00 MB
    Delta Memory :                               65417.00 MB
    Max Swap :                                   -
    Max Processes :                              6
    Max Threads :                                11
    Run time :                                   205 sec.
    Turnaround time :                            154 sec.

The output (if any) is above this job summary.

