n-62-12-89
==PROF== Connected to process 1250122 (/zhome/4c/5/135583/assignment_3/repo/hpc_assignment3/matmult_c.nvc++)
==PROF== Profiling "__pgi_uacc_cuda_fill_44" - 0: 0%....50%....100% - 17 passes
==PROF== Profiling "__pgi_uacc_cuda_fill_44" - 1: 0%....50%....100% - 17 passes
==PROF== Profiling "__pgi_uacc_cuda_fill_44" - 2: 0%....50%....100% - 17 passes
==PROF== Profiling "nvkernel_matmult_mnk_offload_..." - 3: 0%....50%....100% - 17 passes
mnk_offload, 1000, -1, 6.485605, 1.900836, 0.000243
   23437.500    238.451 # matmult_mnk_offload
==PROF== Disconnected from process 1250122
==PROF== Report: /zhome/4c/5/135583/assignment_3/repo/hpc_assignment3/ncu_prof_23848935.ncu-rep

------------------------------------------------------------
Sender: LSF System <lsfadmin@hpc.dtu.dk>
Subject: Job 23848935: <ncu_prof> in cluster <dcc> Done

Job <ncu_prof> was submitted from host <n-62-12-81> by user <s182821> in cluster <dcc> at Thu Jan 23 15:52:16 2025
Job was executed on host(s) <32*n-62-12-89>, in queue <hpcintrogpu>, as user <s182821> in cluster <dcc> at Thu Jan 23 15:52:18 2025
</zhome/4c/5/135583> was used as the home directory.
</zhome/4c/5/135583/assignment_3/repo/hpc_assignment3> was used as the working directory.
Started at Thu Jan 23 15:52:18 2025
Terminated at Thu Jan 23 15:52:31 2025
Results reported at Thu Jan 23 15:52:31 2025

Your job looked like:

------------------------------------------------------------
# LSBATCH: User input
#!/bin/bash
# 02614 - High-Performance Computing, January 2024
# 
# batch script to run matmult on a dedicated GPU server in the hpcintrogpu
# queue
#
# Author: Bernd Dammann <bd@cc.dtu.dk>
#         Hans Henrik Brandenborg Sørensen <hhbs@dtu.dk>
#
#BSUB -J ncu_prof
#BSUB -o ncu_prof_%J.out
#BSUB -q hpcintrogpu
#BSUB -n 32
#BSUB -R "rusage[mem=2048]"
#BSUB -W 15
#BSUB -R "span[hosts=1]"
#BSUB -gpu "num=1:mode=exclusive_process"

# define the driver name to use
# valid values: matmult_c.nvc++, matmult_f.nvc++
#
EXECUTABLE=matmult_c.nvc++

# define the mkn values in the MKN variable
#
SIZE="1000"

# define the method type in TYPE
#
TYPE="mnk_offload"

# you have exclusive access to the GPU and only need 1 iteration from
# the driver for ncu to collect metrics with high accuary
#
export MFLOPS_MAX_IT=1
export MATMULT_COMPARE=0

# set tmp dir for profiler lock
#
export TMPDIR=$__LSF_JOB_TMPDIR__

# experiment name 
#
JID=${LSB_JOBID}
EXPOUT="${LSB_JOBNAME}_${JID}"

# load module for shared cuda libraries
module load nvhpc/24.11
echo $HOSTNAME
# start the collect command with the above settings

(... more ...)
------------------------------------------------------------

Successfully completed.

Resource usage summary:

    CPU time :                                   10.42 sec.
    Max Memory :                                 -
    Average Memory :                             -
    Total Requested Memory :                     65536.00 MB
    Delta Memory :                               -
    Max Swap :                                   -
    Max Processes :                              -
    Max Threads :                                -
    Run time :                                   21 sec.
    Turnaround time :                            15 sec.

The output (if any) is above this job summary.

