Testing blk_offload with size 100, block size 32, elements per thread 1...
tee: /dev/tty: No such device or address
Extracted Line: 
Saved: blk_offload, 100, 32, 1, 0, 0
Testing blk_offload with size 100, block size 32, elements per thread 2...
tee: /dev/tty: No such device or address
Extracted Line: 
Saved: blk_offload, 100, 32, 2, 0, 0
Testing blk_offload with size 100, block size 32, elements per thread 4...
tee: /dev/tty: No such device or address
Extracted Line: 
Saved: blk_offload, 100, 32, 4, 0, 0
Testing blk_offload with size 100, block size 32, elements per thread 8...
tee: /dev/tty: No such device or address
Extracted Line: 
Saved: blk_offload, 100, 32, 8, 0, 0
Testing blk_offload with size 100, block size 64, elements per thread 1...
tee: /dev/tty: No such device or address
Extracted Line: 
Saved: blk_offload, 100, 64, 1, 0, 0
Testing blk_offload with size 100, block size 64, elements per thread 2...
tee: /dev/tty: No such device or address
Extracted Line: 
Saved: blk_offload, 100, 64, 2, 0, 0
Testing blk_offload with size 100, block size 64, elements per thread 4...
tee: /dev/tty: No such device or address
Extracted Line: 
Saved: blk_offload, 100, 64, 4, 0, 0
Testing blk_offload with size 100, block size 64, elements per thread 8...
tee: /dev/tty: No such device or address
Extracted Line: 
Saved: blk_offload, 100, 64, 8, 0, 0
Testing blk_offload with size 100, block size 128, elements per thread 1...
tee: /dev/tty: No such device or address
Extracted Line: 
Saved: blk_offload, 100, 128, 1, 0, 0
Testing blk_offload with size 100, block size 128, elements per thread 2...
tee: /dev/tty: No such device or address
Extracted Line: 
Saved: blk_offload, 100, 128, 2, 0, 0
Testing blk_offload with size 100, block size 128, elements per thread 4...
tee: /dev/tty: No such device or address
Extracted Line: 
Saved: blk_offload, 100, 128, 4, 0, 0
Testing blk_offload with size 100, block size 128, elements per thread 8...
tee: /dev/tty: No such device or address
Extracted Line: 
Saved: blk_offload, 100, 128, 8, 0, 0
Testing blk_offload with size 200, block size 32, elements per thread 1...
tee: /dev/tty: No such device or address
Extracted Line: 
Saved: blk_offload, 200, 32, 1, 0, 0
Testing blk_offload with size 200, block size 32, elements per thread 2...
tee: /dev/tty: No such device or address
Extracted Line: 
Saved: blk_offload, 200, 32, 2, 0, 0
Testing blk_offload with size 200, block size 32, elements per thread 4...
tee: /dev/tty: No such device or address
Extracted Line: 
Saved: blk_offload, 200, 32, 4, 0, 0
Testing blk_offload with size 200, block size 32, elements per thread 8...
tee: /dev/tty: No such device or address
Extracted Line: 
Saved: blk_offload, 200, 32, 8, 0, 0
Testing blk_offload with size 200, block size 64, elements per thread 1...
tee: /dev/tty: No such device or address
Extracted Line: 
Saved: blk_offload, 200, 64, 1, 0, 0
Testing blk_offload with size 200, block size 64, elements per thread 2...
tee: /dev/tty: No such device or address
Extracted Line: 
Saved: blk_offload, 200, 64, 2, 0, 0
Testing blk_offload with size 200, block size 64, elements per thread 4...
tee: /dev/tty: No such device or address
Extracted Line: 
Saved: blk_offload, 200, 64, 4, 0, 0
Testing blk_offload with size 200, block size 64, elements per thread 8...
tee: /dev/tty: No such device or address
Extracted Line: 
Saved: blk_offload, 200, 64, 8, 0, 0
Testing blk_offload with size 200, block size 128, elements per thread 1...
tee: /dev/tty: No such device or address
Extracted Line: 
Saved: blk_offload, 200, 128, 1, 0, 0
Testing blk_offload with size 200, block size 128, elements per thread 2...
tee: /dev/tty: No such device or address
Extracted Line: 
Saved: blk_offload, 200, 128, 2, 0, 0
Testing blk_offload with size 200, block size 128, elements per thread 4...
tee: /dev/tty: No such device or address
Extracted Line: 
Saved: blk_offload, 200, 128, 4, 0, 0
Testing blk_offload with size 200, block size 128, elements per thread 8...
tee: /dev/tty: No such device or address
Extracted Line: 
Saved: blk_offload, 200, 128, 8, 0, 0
Testing blk_offload with size 500, block size 32, elements per thread 1...
tee: /dev/tty: No such device or address
Extracted Line: 
Saved: blk_offload, 500, 32, 1, 0, 0
Testing blk_offload with size 500, block size 32, elements per thread 2...
tee: /dev/tty: No such device or address
Extracted Line: 
Saved: blk_offload, 500, 32, 2, 0, 0
Testing blk_offload with size 500, block size 32, elements per thread 4...
tee: /dev/tty: No such device or address
Extracted Line: 
Saved: blk_offload, 500, 32, 4, 0, 0
Testing blk_offload with size 500, block size 32, elements per thread 8...
tee: /dev/tty: No such device or address
Extracted Line: 
Saved: blk_offload, 500, 32, 8, 0, 0
Testing blk_offload with size 500, block size 64, elements per thread 1...
tee: /dev/tty: No such device or address
Extracted Line: 
Saved: blk_offload, 500, 64, 1, 0, 0
Testing blk_offload with size 500, block size 64, elements per thread 2...
tee: /dev/tty: No such device or address
Extracted Line: 
Saved: blk_offload, 500, 64, 2, 0, 0
Testing blk_offload with size 500, block size 64, elements per thread 4...
tee: /dev/tty: No such device or address
Extracted Line: 
Saved: blk_offload, 500, 64, 4, 0, 0
Testing blk_offload with size 500, block size 64, elements per thread 8...
tee: /dev/tty: No such device or address
Extracted Line: 
Saved: blk_offload, 500, 64, 8, 0, 0
Testing blk_offload with size 500, block size 128, elements per thread 1...
tee: /dev/tty: No such device or address
Extracted Line: 
Saved: blk_offload, 500, 128, 1, 0, 0
Testing blk_offload with size 500, block size 128, elements per thread 2...
tee: /dev/tty: No such device or address
Extracted Line: 
Saved: blk_offload, 500, 128, 2, 0, 0
Testing blk_offload with size 500, block size 128, elements per thread 4...
tee: /dev/tty: No such device or address
Extracted Line: 
Saved: blk_offload, 500, 128, 4, 0, 0
Testing blk_offload with size 500, block size 128, elements per thread 8...
tee: /dev/tty: No such device or address
Extracted Line: 
Saved: blk_offload, 500, 128, 8, 0, 0
Testing blk_offload with size 1000, block size 32, elements per thread 1...
tee: /dev/tty: No such device or address
Extracted Line: 
Saved: blk_offload, 1000, 32, 1, 0, 0
Testing blk_offload with size 1000, block size 32, elements per thread 2...
tee: /dev/tty: No such device or address
Extracted Line: 
Saved: blk_offload, 1000, 32, 2, 0, 0
Testing blk_offload with size 1000, block size 32, elements per thread 4...
tee: /dev/tty: No such device or address
Extracted Line: 
Saved: blk_offload, 1000, 32, 4, 0, 0
Testing blk_offload with size 1000, block size 32, elements per thread 8...
tee: /dev/tty: No such device or address
Extracted Line: 
Saved: blk_offload, 1000, 32, 8, 0, 0
Testing blk_offload with size 1000, block size 64, elements per thread 1...
tee: /dev/tty: No such device or address
Extracted Line: 
Saved: blk_offload, 1000, 64, 1, 0, 0
Testing blk_offload with size 1000, block size 64, elements per thread 2...
tee: /dev/tty: No such device or address
Extracted Line: 
Saved: blk_offload, 1000, 64, 2, 0, 0
Testing blk_offload with size 1000, block size 64, elements per thread 4...
tee: /dev/tty: No such device or address
Extracted Line: 
Saved: blk_offload, 1000, 64, 4, 0, 0
Testing blk_offload with size 1000, block size 64, elements per thread 8...
tee: /dev/tty: No such device or address
Extracted Line: 
Saved: blk_offload, 1000, 64, 8, 0, 0
Testing blk_offload with size 1000, block size 128, elements per thread 1...
tee: /dev/tty: No such device or address
Extracted Line: 
Saved: blk_offload, 1000, 128, 1, 0, 0
Testing blk_offload with size 1000, block size 128, elements per thread 2...
tee: /dev/tty: No such device or address
Extracted Line: 
Saved: blk_offload, 1000, 128, 2, 0, 0
Testing blk_offload with size 1000, block size 128, elements per thread 4...
tee: /dev/tty: No such device or address
Extracted Line: 
Saved: blk_offload, 1000, 128, 4, 0, 0
Testing blk_offload with size 1000, block size 128, elements per thread 8...
tee: /dev/tty: No such device or address
Extracted Line: 
Saved: blk_offload, 1000, 128, 8, 0, 0
Testing blk_offload with size 2000, block size 32, elements per thread 1...
tee: /dev/tty: No such device or address
Extracted Line: 
Saved: blk_offload, 2000, 32, 1, 0, 0
Testing blk_offload with size 2000, block size 32, elements per thread 2...
tee: /dev/tty: No such device or address
Extracted Line: 
Saved: blk_offload, 2000, 32, 2, 0, 0
Testing blk_offload with size 2000, block size 32, elements per thread 4...
tee: /dev/tty: No such device or address
Extracted Line: 
Saved: blk_offload, 2000, 32, 4, 0, 0
Testing blk_offload with size 2000, block size 32, elements per thread 8...
tee: /dev/tty: No such device or address
Extracted Line: 
Saved: blk_offload, 2000, 32, 8, 0, 0
Testing blk_offload with size 2000, block size 64, elements per thread 1...
tee: /dev/tty: No such device or address
Extracted Line: 
Saved: blk_offload, 2000, 64, 1, 0, 0
Testing blk_offload with size 2000, block size 64, elements per thread 2...
tee: /dev/tty: No such device or address
Extracted Line: 
Saved: blk_offload, 2000, 64, 2, 0, 0
Testing blk_offload with size 2000, block size 64, elements per thread 4...
tee: /dev/tty: No such device or address
Extracted Line: 
Saved: blk_offload, 2000, 64, 4, 0, 0
Testing blk_offload with size 2000, block size 64, elements per thread 8...
tee: /dev/tty: No such device or address
Extracted Line: 
Saved: blk_offload, 2000, 64, 8, 0, 0
Testing blk_offload with size 2000, block size 128, elements per thread 1...
tee: /dev/tty: No such device or address
Extracted Line: 
Saved: blk_offload, 2000, 128, 1, 0, 0
Testing blk_offload with size 2000, block size 128, elements per thread 2...
tee: /dev/tty: No such device or address
Extracted Line: 
Saved: blk_offload, 2000, 128, 2, 0, 0
Testing blk_offload with size 2000, block size 128, elements per thread 4...
tee: /dev/tty: No such device or address
Extracted Line: 
Saved: blk_offload, 2000, 128, 4, 0, 0
Testing blk_offload with size 2000, block size 128, elements per thread 8...
tee: /dev/tty: No such device or address
Extracted Line: 
Saved: blk_offload, 2000, 128, 8, 0, 0
Testing blk_offload with size 5000, block size 32, elements per thread 1...
tee: /dev/tty: No such device or address
Extracted Line: 
Saved: blk_offload, 5000, 32, 1, 0, 0
Testing blk_offload with size 5000, block size 32, elements per thread 2...
tee: /dev/tty: No such device or address
Extracted Line: 
Saved: blk_offload, 5000, 32, 2, 0, 0
Testing blk_offload with size 5000, block size 32, elements per thread 4...
tee: /dev/tty: No such device or address
Extracted Line: 
Saved: blk_offload, 5000, 32, 4, 0, 0
Testing blk_offload with size 5000, block size 32, elements per thread 8...
tee: /dev/tty: No such device or address
Extracted Line: 
Saved: blk_offload, 5000, 32, 8, 0, 0
Testing blk_offload with size 5000, block size 64, elements per thread 1...
tee: /dev/tty: No such device or address
Extracted Line: 
Saved: blk_offload, 5000, 64, 1, 0, 0
Testing blk_offload with size 5000, block size 64, elements per thread 2...
tee: /dev/tty: No such device or address
Extracted Line: 
Saved: blk_offload, 5000, 64, 2, 0, 0
Testing blk_offload with size 5000, block size 64, elements per thread 4...
tee: /dev/tty: No such device or address
Extracted Line: 
Saved: blk_offload, 5000, 64, 4, 0, 0
Testing blk_offload with size 5000, block size 64, elements per thread 8...
tee: /dev/tty: No such device or address
Extracted Line: 
Saved: blk_offload, 5000, 64, 8, 0, 0
Testing blk_offload with size 5000, block size 128, elements per thread 1...
tee: /dev/tty: No such device or address
Extracted Line: 
Saved: blk_offload, 5000, 128, 1, 0, 0
Testing blk_offload with size 5000, block size 128, elements per thread 2...
tee: /dev/tty: No such device or address
Extracted Line: 
Saved: blk_offload, 5000, 128, 2, 0, 0
Testing blk_offload with size 5000, block size 128, elements per thread 4...
tee: /dev/tty: No such device or address
Extracted Line: 
Saved: blk_offload, 5000, 128, 4, 0, 0
Testing blk_offload with size 5000, block size 128, elements per thread 8...
tee: /dev/tty: No such device or address
Extracted Line: 
Saved: blk_offload, 5000, 128, 8, 0, 0
Results saved to offload_performance_blocks_vs_elements.csv

------------------------------------------------------------
Sender: LSF System <lsfadmin@hpc.dtu.dk>
Subject: Job 23844638: <NONAME> in cluster <dcc> Done

Job <NONAME> was submitted from host <n-62-12-81> by user <s230274> in cluster <dcc> at Thu Jan 23 14:51:38 2025
Job was executed on host(s) <n-62-31-22>, in queue <hpc>, as user <s230274> in cluster <dcc> at Thu Jan 23 14:51:38 2025
</zhome/97/2/198344> was used as the home directory.
</zhome/97/2/198344/assignment_3/hpc_assignment3> was used as the working directory.
Started at Thu Jan 23 14:51:38 2025
Terminated at Thu Jan 23 14:51:51 2025
Results reported at Thu Jan 23 14:51:51 2025

Your job looked like:

------------------------------------------------------------
# LSBATCH: User input
#!/bin/bash
# Batch script to test blk_offload with different block sizes & elements per thread

METHOD="blk_offload"
SIZES="100 200 500 1000 2000 5000"
BLOCK_SIZES="32 64 128"
ELEMENTS="1 2 4 8"

RESULTS_FILE="offload_performance_blocks_vs_elements.csv"

echo "Method, Size, Block Size, Elements Per Thread, Kernel (s), GFLOPS/s" > $RESULTS_FILE

module load nvhpc/24.11

for SIZE in $SIZES; do
    for BLOCK in $BLOCK_SIZES; do
        for ELEMENT in $ELEMENTS; do
            echo "Testing $METHOD with size $SIZE, block size $BLOCK, elements per thread $ELEMENT..."

            # Run executable and capture output
            OUTPUT=$(./matmult_c.nvc++ "$METHOD" "$SIZE" "$SIZE" "$SIZE" "$BLOCK" "$ELEMENT" 2>&1 | tee /dev/tty)

            # Extract Kernel time **correctly**
            RESULT_LINE=$(echo "$OUTPUT" | grep -E "^blk_offload,")
            
            # Debug: Print the matched line
            echo "Extracted Line: $RESULT_LINE"

            KERNEL=$(echo "$RESULT_LINE" | awk -F', ' '{print $3}')
            KERNEL=${KERNEL:-0}  # Ensure it defaults to 0 if empty

            # Compute GFLOPS/s
            if [[ "$KERNEL" == "0" || "$KERNEL" == "" ]]; then
                GFLOPS="0"
            else
                GFLOPS=$(echo "scale=6; (2 * $SIZE * $SIZE * $SIZE) / ($KERNEL * 1.0e9)" | bc)
            fi

            # Log results
            echo "$METHOD, $SIZE, $BLOCK, $ELEMENT, $KERNEL, $GFLOPS" >> $RESULTS_FILE
            echo "Saved: $METHOD, $SIZE, $BLOCK, $ELEMENT, $KERNEL, $GFLOPS"
        done
    done
done

echo "Results saved to $RESULTS_FILE"

------------------------------------------------------------

Successfully completed.

Resource usage summary:

    CPU time :                                   5.93 sec.
    Max Memory :                                 36 MB
    Average Memory :                             36.00 MB
    Total Requested Memory :                     1024.00 MB
    Delta Memory :                               988.00 MB
    Max Swap :                                   -
    Max Processes :                              6
    Max Threads :                                7
    Run time :                                   62 sec.
    Turnaround time :                            13 sec.

The output (if any) is above this job summary.

