Testing BLOCK_SIZE=16...
make: Makefile.nvc++: No such file or directory
make: *** No rule to make target 'Makefile.nvc++'.  Stop.
Running blk_offload with size 100 and BLOCK_SIZE=16...
tee: /dev/tty: No such device or address
"matmult.cpp", line 93: error: identifier "min" is undefined
  #pragma omp target teams distribute parallel for collapse(2) num_teams(min(256, m)) thread_limit(128)
                                                                         ^

"matmult.cpp", line 130: error: identifier "min" is undefined
  #pragma omp target teams distribute parallel for collapse(2) num_teams(min(256, m)) thread_limit(128)
                                                                         ^

"matmult.cpp", line 171: error: identifier "min" is undefined
          num_teams(min(m / _BLOCK_SIZE, 256)) thread_limit(128)
                    ^

"matmult.cpp", line 262: error: identifier "min" is undefined
      num_teams(min(m, 256)) thread_limit(128)                 \
                ^

4 errors detected in the compilation of "matmult.cpp".
Saved: 16, 100, 0, 0, No
Running blk_offload with size 200 and BLOCK_SIZE=16...
tee: /dev/tty: No such device or address
"matmult.cpp", line 93: error: identifier "min" is undefined
  #pragma omp target teams distribute parallel for collapse(2) num_teams(min(256, m)) thread_limit(128)
                                                                         ^

"matmult.cpp", line 130: error: identifier "min" is undefined
  #pragma omp target teams distribute parallel for collapse(2) num_teams(min(256, m)) thread_limit(128)
                                                                         ^

"matmult.cpp", line 171: error: identifier "min" is undefined
          num_teams(min(m / _BLOCK_SIZE, 256)) thread_limit(128)
                    ^

"matmult.cpp", line 262: error: identifier "min" is undefined
      num_teams(min(m, 256)) thread_limit(128)                 \
                ^

4 errors detected in the compilation of "matmult.cpp".
Saved: 16, 200, 0, 0, No
Running blk_offload with size 500 and BLOCK_SIZE=16...
tee: /dev/tty: No such device or address
"matmult.cpp", line 93: error: identifier "min" is undefined
  #pragma omp target teams distribute parallel for collapse(2) num_teams(min(256, m)) thread_limit(128)
                                                                         ^

"matmult.cpp", line 130: error: identifier "min" is undefined
  #pragma omp target teams distribute parallel for collapse(2) num_teams(min(256, m)) thread_limit(128)
                                                                         ^

"matmult.cpp", line 171: error: identifier "min" is undefined
          num_teams(min(m / _BLOCK_SIZE, 256)) thread_limit(128)
                    ^

"matmult.cpp", line 262: error: identifier "min" is undefined
      num_teams(min(m, 256)) thread_limit(128)                 \
                ^

4 errors detected in the compilation of "matmult.cpp".
Saved: 16, 500, 0, 0, No
Running blk_offload with size 1000 and BLOCK_SIZE=16...
tee: /dev/tty: No such device or address
"matmult.cpp", line 93: error: identifier "min" is undefined
  #pragma omp target teams distribute parallel for collapse(2) num_teams(min(256, m)) thread_limit(128)
                                                                         ^

"matmult.cpp", line 130: error: identifier "min" is undefined
  #pragma omp target teams distribute parallel for collapse(2) num_teams(min(256, m)) thread_limit(128)
                                                                         ^

"matmult.cpp", line 171: error: identifier "min" is undefined
          num_teams(min(m / _BLOCK_SIZE, 256)) thread_limit(128)
                    ^

"matmult.cpp", line 262: error: identifier "min" is undefined
      num_teams(min(m, 256)) thread_limit(128)                 \
                ^

4 errors detected in the compilation of "matmult.cpp".
Saved: 16, 1000, 0, 0, No
Running blk_offload with size 2000 and BLOCK_SIZE=16...
tee: /dev/tty: No such device or address
"matmult.cpp", line 93: error: identifier "min" is undefined
  #pragma omp target teams distribute parallel for collapse(2) num_teams(min(256, m)) thread_limit(128)
                                                                         ^

"matmult.cpp", line 130: error: identifier "min" is undefined
  #pragma omp target teams distribute parallel for collapse(2) num_teams(min(256, m)) thread_limit(128)
                                                                         ^

"matmult.cpp", line 171: error: identifier "min" is undefined
          num_teams(min(m / _BLOCK_SIZE, 256)) thread_limit(128)
                    ^

"matmult.cpp", line 262: error: identifier "min" is undefined
      num_teams(min(m, 256)) thread_limit(128)                 \
                ^

4 errors detected in the compilation of "matmult.cpp".
Saved: 16, 2000, 0, 0, No
Running blk_offload with size 5000 and BLOCK_SIZE=16...
tee: /dev/tty: No such device or address
"matmult.cpp", line 93: error: identifier "min" is undefined
  #pragma omp target teams distribute parallel for collapse(2) num_teams(min(256, m)) thread_limit(128)
                                                                         ^

"matmult.cpp", line 130: error: identifier "min" is undefined
  #pragma omp target teams distribute parallel for collapse(2) num_teams(min(256, m)) thread_limit(128)
                                                                         ^

"matmult.cpp", line 171: error: identifier "min" is undefined
          num_teams(min(m / _BLOCK_SIZE, 256)) thread_limit(128)
                    ^

"matmult.cpp", line 262: error: identifier "min" is undefined
      num_teams(min(m, 256)) thread_limit(128)                 \
                ^

4 errors detected in the compilation of "matmult.cpp".
Saved: 16, 5000, 0, 0, No
Testing BLOCK_SIZE=32...
make: Makefile.nvc++: No such file or directory
make: *** No rule to make target 'Makefile.nvc++'.  Stop.
Running blk_offload with size 100 and BLOCK_SIZE=32...
tee: /dev/tty: No such device or address
"matmult.cpp", line 93: error: identifier "min" is undefined
  #pragma omp target teams distribute parallel for collapse(2) num_teams(min(256, m)) thread_limit(128)
                                                                         ^

"matmult.cpp", line 130: error: identifier "min" is undefined
  #pragma omp target teams distribute parallel for collapse(2) num_teams(min(256, m)) thread_limit(128)
                                                                         ^

"matmult.cpp", line 171: error: identifier "min" is undefined
          num_teams(min(m / _BLOCK_SIZE, 256)) thread_limit(128)
                    ^

"matmult.cpp", line 262: error: identifier "min" is undefined
      num_teams(min(m, 256)) thread_limit(128)                 \
                ^

4 errors detected in the compilation of "matmult.cpp".
Saved: 32, 100, 0, 0, No
Running blk_offload with size 200 and BLOCK_SIZE=32...
tee: /dev/tty: No such device or address
"matmult.cpp", line 93: error: identifier "min" is undefined
  #pragma omp target teams distribute parallel for collapse(2) num_teams(min(256, m)) thread_limit(128)
                                                                         ^

"matmult.cpp", line 130: error: identifier "min" is undefined
  #pragma omp target teams distribute parallel for collapse(2) num_teams(min(256, m)) thread_limit(128)
                                                                         ^

"matmult.cpp", line 171: error: identifier "min" is undefined
          num_teams(min(m / _BLOCK_SIZE, 256)) thread_limit(128)
                    ^

"matmult.cpp", line 262: error: identifier "min" is undefined
      num_teams(min(m, 256)) thread_limit(128)                 \
                ^

4 errors detected in the compilation of "matmult.cpp".
Saved: 32, 200, 0, 0, No
Running blk_offload with size 500 and BLOCK_SIZE=32...
tee: /dev/tty: No such device or address
"matmult.cpp", line 93: error: identifier "min" is undefined
  #pragma omp target teams distribute parallel for collapse(2) num_teams(min(256, m)) thread_limit(128)
                                                                         ^

"matmult.cpp", line 130: error: identifier "min" is undefined
  #pragma omp target teams distribute parallel for collapse(2) num_teams(min(256, m)) thread_limit(128)
                                                                         ^

"matmult.cpp", line 171: error: identifier "min" is undefined
          num_teams(min(m / _BLOCK_SIZE, 256)) thread_limit(128)
                    ^

"matmult.cpp", line 262: error: identifier "min" is undefined
      num_teams(min(m, 256)) thread_limit(128)                 \
                ^

4 errors detected in the compilation of "matmult.cpp".
Saved: 32, 500, 0, 0, No
Running blk_offload with size 1000 and BLOCK_SIZE=32...
tee: /dev/tty: No such device or address
"matmult.cpp", line 93: error: identifier "min" is undefined
  #pragma omp target teams distribute parallel for collapse(2) num_teams(min(256, m)) thread_limit(128)
                                                                         ^

"matmult.cpp", line 130: error: identifier "min" is undefined
  #pragma omp target teams distribute parallel for collapse(2) num_teams(min(256, m)) thread_limit(128)
                                                                         ^

"matmult.cpp", line 171: error: identifier "min" is undefined
          num_teams(min(m / _BLOCK_SIZE, 256)) thread_limit(128)
                    ^

"matmult.cpp", line 262: error: identifier "min" is undefined
      num_teams(min(m, 256)) thread_limit(128)                 \
                ^

4 errors detected in the compilation of "matmult.cpp".
Saved: 32, 1000, 0, 0, No
Running blk_offload with size 2000 and BLOCK_SIZE=32...
tee: /dev/tty: No such device or address
"matmult.cpp", line 93: error: identifier "min" is undefined
  #pragma omp target teams distribute parallel for collapse(2) num_teams(min(256, m)) thread_limit(128)
                                                                         ^

"matmult.cpp", line 130: error: identifier "min" is undefined
  #pragma omp target teams distribute parallel for collapse(2) num_teams(min(256, m)) thread_limit(128)
                                                                         ^

"matmult.cpp", line 171: error: identifier "min" is undefined
          num_teams(min(m / _BLOCK_SIZE, 256)) thread_limit(128)
                    ^

"matmult.cpp", line 262: error: identifier "min" is undefined
      num_teams(min(m, 256)) thread_limit(128)                 \
                ^

4 errors detected in the compilation of "matmult.cpp".
Saved: 32, 2000, 0, 0, No
Running blk_offload with size 5000 and BLOCK_SIZE=32...
tee: /dev/tty: No such device or address
"matmult.cpp", line 93: error: identifier "min" is undefined
  #pragma omp target teams distribute parallel for collapse(2) num_teams(min(256, m)) thread_limit(128)
                                                                         ^

"matmult.cpp", line 130: error: identifier "min" is undefined
  #pragma omp target teams distribute parallel for collapse(2) num_teams(min(256, m)) thread_limit(128)
                                                                         ^

"matmult.cpp", line 171: error: identifier "min" is undefined
          num_teams(min(m / _BLOCK_SIZE, 256)) thread_limit(128)
                    ^

"matmult.cpp", line 262: error: identifier "min" is undefined
      num_teams(min(m, 256)) thread_limit(128)                 \
                ^

4 errors detected in the compilation of "matmult.cpp".
Saved: 32, 5000, 0, 0, No
Testing BLOCK_SIZE=64...
make: Makefile.nvc++: No such file or directory
make: *** No rule to make target 'Makefile.nvc++'.  Stop.
Running blk_offload with size 100 and BLOCK_SIZE=64...
tee: /dev/tty: No such device or address
"matmult.cpp", line 93: error: identifier "min" is undefined
  #pragma omp target teams distribute parallel for collapse(2) num_teams(min(256, m)) thread_limit(128)
                                                                         ^

"matmult.cpp", line 130: error: identifier "min" is undefined
  #pragma omp target teams distribute parallel for collapse(2) num_teams(min(256, m)) thread_limit(128)
                                                                         ^

"matmult.cpp", line 171: error: identifier "min" is undefined
          num_teams(min(m / _BLOCK_SIZE, 256)) thread_limit(128)
                    ^

"matmult.cpp", line 262: error: identifier "min" is undefined
      num_teams(min(m, 256)) thread_limit(128)                 \
                ^

4 errors detected in the compilation of "matmult.cpp".
Saved: 64, 100, 0, 0, No
Running blk_offload with size 200 and BLOCK_SIZE=64...
tee: /dev/tty: No such device or address
"matmult.cpp", line 93: error: identifier "min" is undefined
  #pragma omp target teams distribute parallel for collapse(2) num_teams(min(256, m)) thread_limit(128)
                                                                         ^

"matmult.cpp", line 130: error: identifier "min" is undefined
  #pragma omp target teams distribute parallel for collapse(2) num_teams(min(256, m)) thread_limit(128)
                                                                         ^

"matmult.cpp", line 171: error: identifier "min" is undefined
          num_teams(min(m / _BLOCK_SIZE, 256)) thread_limit(128)
                    ^

"matmult.cpp", line 262: error: identifier "min" is undefined
      num_teams(min(m, 256)) thread_limit(128)                 \
                ^

4 errors detected in the compilation of "matmult.cpp".
Saved: 64, 200, 0, 0, No
Running blk_offload with size 500 and BLOCK_SIZE=64...
tee: /dev/tty: No such device or address
"matmult.cpp", line 93: error: identifier "min" is undefined
  #pragma omp target teams distribute parallel for collapse(2) num_teams(min(256, m)) thread_limit(128)
                                                                         ^

"matmult.cpp", line 130: error: identifier "min" is undefined
  #pragma omp target teams distribute parallel for collapse(2) num_teams(min(256, m)) thread_limit(128)
                                                                         ^

"matmult.cpp", line 171: error: identifier "min" is undefined
          num_teams(min(m / _BLOCK_SIZE, 256)) thread_limit(128)
                    ^

"matmult.cpp", line 262: error: identifier "min" is undefined
      num_teams(min(m, 256)) thread_limit(128)                 \
                ^

4 errors detected in the compilation of "matmult.cpp".
Saved: 64, 500, 0, 0, No
Running blk_offload with size 1000 and BLOCK_SIZE=64...
tee: /dev/tty: No such device or address
"matmult.cpp", line 93: error: identifier "min" is undefined
  #pragma omp target teams distribute parallel for collapse(2) num_teams(min(256, m)) thread_limit(128)
                                                                         ^

"matmult.cpp", line 130: error: identifier "min" is undefined
  #pragma omp target teams distribute parallel for collapse(2) num_teams(min(256, m)) thread_limit(128)
                                                                         ^

"matmult.cpp", line 171: error: identifier "min" is undefined
          num_teams(min(m / _BLOCK_SIZE, 256)) thread_limit(128)
                    ^

"matmult.cpp", line 262: error: identifier "min" is undefined
      num_teams(min(m, 256)) thread_limit(128)                 \
                ^

4 errors detected in the compilation of "matmult.cpp".
Saved: 64, 1000, 0, 0, No
Running blk_offload with size 2000 and BLOCK_SIZE=64...
tee: /dev/tty: No such device or address
"matmult.cpp", line 93: error: identifier "min" is undefined
  #pragma omp target teams distribute parallel for collapse(2) num_teams(min(256, m)) thread_limit(128)
                                                                         ^

"matmult.cpp", line 130: error: identifier "min" is undefined
  #pragma omp target teams distribute parallel for collapse(2) num_teams(min(256, m)) thread_limit(128)
                                                                         ^

"matmult.cpp", line 171: error: identifier "min" is undefined
          num_teams(min(m / _BLOCK_SIZE, 256)) thread_limit(128)
                    ^

"matmult.cpp", line 262: error: identifier "min" is undefined
      num_teams(min(m, 256)) thread_limit(128)                 \
                ^

4 errors detected in the compilation of "matmult.cpp".
Saved: 64, 2000, 0, 0, No
Running blk_offload with size 5000 and BLOCK_SIZE=64...
tee: /dev/tty: No such device or address
"matmult.cpp", line 93: error: identifier "min" is undefined
  #pragma omp target teams distribute parallel for collapse(2) num_teams(min(256, m)) thread_limit(128)
                                                                         ^

"matmult.cpp", line 130: error: identifier "min" is undefined
  #pragma omp target teams distribute parallel for collapse(2) num_teams(min(256, m)) thread_limit(128)
                                                                         ^

"matmult.cpp", line 171: error: identifier "min" is undefined
          num_teams(min(m / _BLOCK_SIZE, 256)) thread_limit(128)
                    ^

"matmult.cpp", line 262: error: identifier "min" is undefined
      num_teams(min(m, 256)) thread_limit(128)                 \
                ^

4 errors detected in the compilation of "matmult.cpp".
Saved: 64, 5000, 0, 0, No
Testing BLOCK_SIZE=128...
make: Makefile.nvc++: No such file or directory
make: *** No rule to make target 'Makefile.nvc++'.  Stop.
Running blk_offload with size 100 and BLOCK_SIZE=128...
tee: /dev/tty: No such device or address
"matmult.cpp", line 93: error: identifier "min" is undefined
  #pragma omp target teams distribute parallel for collapse(2) num_teams(min(256, m)) thread_limit(128)
                                                                         ^

"matmult.cpp", line 130: error: identifier "min" is undefined
  #pragma omp target teams distribute parallel for collapse(2) num_teams(min(256, m)) thread_limit(128)
                                                                         ^

"matmult.cpp", line 171: error: identifier "min" is undefined
          num_teams(min(m / _BLOCK_SIZE, 256)) thread_limit(128)
                    ^

"matmult.cpp", line 262: error: identifier "min" is undefined
      num_teams(min(m, 256)) thread_limit(128)                 \
                ^

4 errors detected in the compilation of "matmult.cpp".
Saved: 128, 100, 0, 0, No
Running blk_offload with size 200 and BLOCK_SIZE=128...
tee: /dev/tty: No such device or address
"matmult.cpp", line 93: error: identifier "min" is undefined
  #pragma omp target teams distribute parallel for collapse(2) num_teams(min(256, m)) thread_limit(128)
                                                                         ^

"matmult.cpp", line 130: error: identifier "min" is undefined
  #pragma omp target teams distribute parallel for collapse(2) num_teams(min(256, m)) thread_limit(128)
                                                                         ^

"matmult.cpp", line 171: error: identifier "min" is undefined
          num_teams(min(m / _BLOCK_SIZE, 256)) thread_limit(128)
                    ^

"matmult.cpp", line 262: error: identifier "min" is undefined
      num_teams(min(m, 256)) thread_limit(128)                 \
                ^

4 errors detected in the compilation of "matmult.cpp".
Saved: 128, 200, 0, 0, No
Running blk_offload with size 500 and BLOCK_SIZE=128...
tee: /dev/tty: No such device or address
"matmult.cpp", line 93: error: identifier "min" is undefined
  #pragma omp target teams distribute parallel for collapse(2) num_teams(min(256, m)) thread_limit(128)
                                                                         ^

"matmult.cpp", line 130: error: identifier "min" is undefined
  #pragma omp target teams distribute parallel for collapse(2) num_teams(min(256, m)) thread_limit(128)
                                                                         ^

"matmult.cpp", line 171: error: identifier "min" is undefined
          num_teams(min(m / _BLOCK_SIZE, 256)) thread_limit(128)
                    ^

"matmult.cpp", line 262: error: identifier "min" is undefined
      num_teams(min(m, 256)) thread_limit(128)                 \
                ^

4 errors detected in the compilation of "matmult.cpp".
Saved: 128, 500, 0, 0, No
Running blk_offload with size 1000 and BLOCK_SIZE=128...
tee: /dev/tty: No such device or address
"matmult.cpp", line 93: error: identifier "min" is undefined
  #pragma omp target teams distribute parallel for collapse(2) num_teams(min(256, m)) thread_limit(128)
                                                                         ^

"matmult.cpp", line 130: error: identifier "min" is undefined
  #pragma omp target teams distribute parallel for collapse(2) num_teams(min(256, m)) thread_limit(128)
                                                                         ^

"matmult.cpp", line 171: error: identifier "min" is undefined
          num_teams(min(m / _BLOCK_SIZE, 256)) thread_limit(128)
                    ^

"matmult.cpp", line 262: error: identifier "min" is undefined
      num_teams(min(m, 256)) thread_limit(128)                 \
                ^

4 errors detected in the compilation of "matmult.cpp".
Saved: 128, 1000, 0, 0, No
Running blk_offload with size 2000 and BLOCK_SIZE=128...
tee: /dev/tty: No such device or address
"matmult.cpp", line 93: error: identifier "min" is undefined
  #pragma omp target teams distribute parallel for collapse(2) num_teams(min(256, m)) thread_limit(128)
                                                                         ^

"matmult.cpp", line 130: error: identifier "min" is undefined
  #pragma omp target teams distribute parallel for collapse(2) num_teams(min(256, m)) thread_limit(128)
                                                                         ^

"matmult.cpp", line 171: error: identifier "min" is undefined
          num_teams(min(m / _BLOCK_SIZE, 256)) thread_limit(128)
                    ^

"matmult.cpp", line 262: error: identifier "min" is undefined
      num_teams(min(m, 256)) thread_limit(128)                 \
                ^

4 errors detected in the compilation of "matmult.cpp".
Saved: 128, 2000, 0, 0, No
Running blk_offload with size 5000 and BLOCK_SIZE=128...
tee: /dev/tty: No such device or address
"matmult.cpp", line 93: error: identifier "min" is undefined
  #pragma omp target teams distribute parallel for collapse(2) num_teams(min(256, m)) thread_limit(128)
                                                                         ^

"matmult.cpp", line 130: error: identifier "min" is undefined
  #pragma omp target teams distribute parallel for collapse(2) num_teams(min(256, m)) thread_limit(128)
                                                                         ^

"matmult.cpp", line 171: error: identifier "min" is undefined
          num_teams(min(m / _BLOCK_SIZE, 256)) thread_limit(128)
                    ^

"matmult.cpp", line 262: error: identifier "min" is undefined
      num_teams(min(m, 256)) thread_limit(128)                 \
                ^

4 errors detected in the compilation of "matmult.cpp".
Saved: 128, 5000, 0, 0, No
Experiments completed! Results saved to block_size_performance.csv

------------------------------------------------------------
Sender: LSF System <lsfadmin@hpc.dtu.dk>
Subject: Job 23850307: <NONAME> in cluster <dcc> Done

Job <NONAME> was submitted from host <n-62-12-81> by user <s230274> in cluster <dcc> at Thu Jan 23 19:48:48 2025
Job was executed on host(s) <n-62-31-3>, in queue <hpc>, as user <s230274> in cluster <dcc> at Thu Jan 23 19:48:49 2025
</zhome/97/2/198344> was used as the home directory.
</zhome/97/2/198344/assignment_3/hpc_assignment3> was used as the working directory.
Started at Thu Jan 23 19:48:49 2025
Terminated at Thu Jan 23 19:48:53 2025
Results reported at Thu Jan 23 19:48:53 2025

Your job looked like:

------------------------------------------------------------
# LSBATCH: User input
#!/bin/bash
# Script to test different block sizes for blk_offload and check full unrolling

# Define block sizes to test
BLOCK_SIZES="16 32 64 128"

# Define matrix sizes
SIZES="100 200 500 1000 2000 5000"

# Output file
RESULTS_FILE="block_size_performance.csv"

# Ensure results file has a header
if [[ ! -f $RESULTS_FILE ]]; then
    echo "Block Size, Size, Kernel (s), GFLOPS/s, Unrolled" > $RESULTS_FILE
fi

# Load necessary modules (adjust for your HPC cluster)
module load nvhpc/24.11

for BLOCK in $BLOCK_SIZES; do
    echo "Testing BLOCK_SIZE=$BLOCK..."

    # Modify `_BLOCK_SIZE` in `matmult.cpp`
    sed -i "s/#define _BLOCK_SIZE .*/#define _BLOCK_SIZE $BLOCK/" matmult.cpp

    # Recompile using `make`
    make clean
    make -f Makefile.nvc++

    # Run the driver for each matrix size
    for SIZE in $SIZES; do
        echo "Running blk_offload with size $SIZE and BLOCK_SIZE=$BLOCK..."

        # Run executable and capture output using the provided driver
        OUTPUT=$(./matmult_c.nvc++ blk_offload "$SIZE" "$SIZE" "$SIZE" "$BLOCK" 2>&1 | tee /dev/tty)

        # Extract Kernel time from output
        RESULT_LINE=$(echo "$OUTPUT" | grep -E "^blk_offload,")

        KERNEL=$(echo "$RESULT_LINE" | awk -F', ' '{print $3}')
        KERNEL=${KERNEL:-0}  # Ensure it defaults to 0 if empty

        # Compute GFLOPS/s
        if [[ "$KERNEL" == "0" || "$KERNEL" == "" ]]; then
            GFLOPS="0"
        else
            GFLOPS=$(echo "scale=6; (2 * $SIZE * $SIZE * $SIZE) / ($KERNEL * 1.0e9)" | bc)
        fi


(... more ...)
------------------------------------------------------------

Successfully completed.

Resource usage summary:

    CPU time :                                   3.57 sec.
    Max Memory :                                 -
    Average Memory :                             -
    Total Requested Memory :                     1024.00 MB
    Delta Memory :                               -
    Max Swap :                                   -
    Max Processes :                              -
    Max Threads :                                -
    Run time :                                   123 sec.
    Turnaround time :                            5 sec.

The output (if any) is above this job summary.

