/zhome/97/2/198344/.lsbatch/1737595190.23826527.shell: line 1: syntax error near unexpected token `newline'
/zhome/97/2/198344/.lsbatch/1737595190.23826527.shell: line 1: `bsub> '

------------------------------------------------------------
Sender: LSF System <lsfadmin@hpc.dtu.dk>
Subject: Job 23826527: <NONAME> in cluster <dcc> Exited

Job <NONAME> was submitted from host <n-62-30-4> by user <s230274> in cluster <dcc> at Thu Jan 23 02:19:50 2025
Job was executed on host(s) <n-62-21-98>, in queue <hpc>, as user <s230274> in cluster <dcc> at Thu Jan 23 02:19:52 2025
</zhome/97/2/198344> was used as the home directory.
</zhome/97/2/198344/assignment_3/hpc_assignment3> was used as the working directory.
Started at Thu Jan 23 02:19:52 2025
Terminated at Thu Jan 23 02:19:52 2025
Results reported at Thu Jan 23 02:19:52 2025

Your job looked like:

------------------------------------------------------------
# LSBATCH: User input
bsub> 
------------------------------------------------------------

Exited with exit code 2.

Resource usage summary:

    CPU time :                                   0.41 sec.
    Max Memory :                                 -
    Average Memory :                             -
    Total Requested Memory :                     1024.00 MB
    Delta Memory :                               -
    Max Swap :                                   -
    Max Processes :                              -
    Max Threads :                                -
    Run time :                                   2 sec.
    Turnaround time :                            2 sec.

The output (if any) is above this job summary.

