Testing mkn_offload with team size 1...
Saved: mkn_offload, 1000, 1, 0.008005, 249.843847
Testing mnk_offload with team size 1...
Saved: mnk_offload, 1000, 1, 0.003325, 601.503759
Testing mkn_offload with team size 32...
Saved: mkn_offload, 1000, 32, 0.008009, 249.719066
Testing mnk_offload with team size 32...
Saved: mnk_offload, 1000, 32, 0.002819, 709.471443
Testing mkn_offload with team size 64...
Saved: mkn_offload, 1000, 64, 0.008094, 247.096614
Testing mnk_offload with team size 64...
Saved: mnk_offload, 1000, 64, 0.002890, 692.041522
Testing mkn_offload with team size 114...
Saved: mkn_offload, 1000, 114, 0.008040, 248.756218
Testing mnk_offload with team size 114...
Saved: mnk_offload, 1000, 114, 0.003190, 626.959247
Testing mkn_offload with team size 228...
Saved: mkn_offload, 1000, 228, 0.007998, 250.062515
Testing mnk_offload with team size 228...
Saved: mnk_offload, 1000, 228, 0.002910, 687.285223
Testing mkn_offload with team size 456...
Saved: mkn_offload, 1000, 456, 0.008080, 247.524752
Testing mnk_offload with team size 456...
Saved: mnk_offload, 1000, 456, 0.002937, 680.966973
Testing mkn_offload with team size 912...
Saved: mkn_offload, 1000, 912, 0.009257, 216.052716
Testing mnk_offload with team size 912...
Saved: mnk_offload, 1000, 912, 0.002882, 693.962526
Testing mkn_offload with team size 1824...
Saved: mkn_offload, 1000, 1824, 0.008171, 244.768082
Testing mnk_offload with team size 1824...
Saved: mnk_offload, 1000, 1824, 0.002808, 712.250712
Testing mkn_offload with team size 3648...
Saved: mkn_offload, 1000, 3648, 0.008554, 233.808744
Testing mnk_offload with team size 3648...
Saved: mnk_offload, 1000, 3648, 0.002880, 694.444444
Testing mkn_offload with team size 7296...
Saved: mkn_offload, 1000, 7296, 0.008238, 242.777373
Testing mnk_offload with team size 7296...
Saved: mnk_offload, 1000, 7296, 0.002741, 729.660707
Testing mkn_offload with team size 14592...
Saved: mkn_offload, 1000, 14592, 0.008135, 245.851259
Testing mnk_offload with team size 14592...
Saved: mnk_offload, 1000, 14592, 0.002850, 701.754385
Testing mkn_offload with team size 29184...
Saved: mkn_offload, 1000, 29184, 0.008061, 248.108175
Testing mnk_offload with team size 29184...
Saved: mnk_offload, 1000, 29184, 0.003133, 638.365783
Results saved to team_size_performance_results_last.csv

------------------------------------------------------------
Sender: LSF System <lsfadmin@hpc.dtu.dk>
Subject: Job 23844717: <performance_vs_teams_part2> in cluster <dcc> Done

Job <performance_vs_teams_part2> was submitted from host <n-62-12-81> by user <s182821> in cluster <dcc> at Thu Jan 23 15:07:05 2025
Job was executed on host(s) <32*n-62-12-89>, in queue <hpcintrogpu>, as user <s182821> in cluster <dcc> at Thu Jan 23 15:10:59 2025
</zhome/4c/5/135583> was used as the home directory.
</zhome/4c/5/135583/assignment_3/repo/hpc_assignment3> was used as the working directory.
Started at Thu Jan 23 15:10:59 2025
Terminated at Thu Jan 23 15:12:56 2025
Results reported at Thu Jan 23 15:12:56 2025

Your job looked like:

------------------------------------------------------------
# LSBATCH: User input
#!/bin/bash
# Batch script to test different team sizes for mkn_offload and mnk_offload

#BSUB -J performance_vs_teams_part2
#BSUB -o performance_vs_teams_part2_%J.out
#BSUB -q hpcintrogpu
#BSUB -n 32
#BSUB -R "rusage[mem=2048]"
#BSUB -W 15
#BSUB -R "span[hosts=1]"
#BSUB -gpu "num=1:mode=exclusive_process"

# Define methods to test
METHODS="mkn_offload mnk_offload"

# Define matrix size (fixed for this experiment)
MATRIX_SIZE=1000

# Define number of teams to experiment with
TEAM_SIZES="1 32 64 114 228 456 912 1824 3648 7296 14592 29184"  

# Output file
RESULTS_FILE="team_size_performance_results_last.csv"

# Clear old results
echo "Method, Matrix Size, Teams, Kernel (s), GFLOPS/s" > $RESULTS_FILE

# Load necessary modules (adjust if required)
module load nvhpc/24.11

# Run tests for MKN and MNK with different team sizes
for TEAM in $TEAM_SIZES; do
    for METHOD in $METHODS; do
        echo "Testing $METHOD with team size $TEAM..."

        # Run executable with team size and capture output
        OUTPUT=$(./matmult_c.nvc++ "$METHOD" "$MATRIX_SIZE" "$MATRIX_SIZE" "$MATRIX_SIZE" "$TEAM")

        # Extract Kernel time
        RESULT_LINE=$(echo "$OUTPUT" | grep -m1 "$METHOD")
        KERNEL=$(echo "$RESULT_LINE" | awk -F', ' '{print $5}')

        # Check if Kernel time is empty or zero, if so, set to zero
        KERNEL=${KERNEL:-0}

        # Compute GFLOPS/s: (2 * m * n * k) / (Kernel Time * 10^9)
        if [[ "$KERNEL" == "0" || "$KERNEL" == "" ]]; then
            GFLOPS="0"
        else
        GFLOPS=$(echo "scale=6; (2 * $MATRIX_SIZE * $MATRIX_SIZE * $MATRIX_SIZE) / ($KERNEL * 10^9)" | bc)

(... more ...)
------------------------------------------------------------

Successfully completed.

Resource usage summary:

    CPU time :                                   142.00 sec.
    Max Memory :                                 110 MB
    Average Memory :                             106.67 MB
    Total Requested Memory :                     65536.00 MB
    Delta Memory :                               65426.00 MB
    Max Swap :                                   -
    Max Processes :                              4
    Max Threads :                                9
    Run time :                                   119 sec.
    Turnaround time :                            351 sec.

The output (if any) is above this job summary.

