Testing mkn_offload with team size 1...
Saved: mkn_offload, 1000, 1, 0.017167, 116.502592
Testing mnk_offload with team size 1...
Saved: mnk_offload, 1000, 1, 0.003482, 574.382538
Testing mkn_offload with team size 32...
Saved: mkn_offload, 1000, 32, 0.017052, 117.288294
Testing mnk_offload with team size 32...
Saved: mnk_offload, 1000, 32, 0.003621, 552.333609
Testing mkn_offload with team size 64...
Saved: mkn_offload, 1000, 64, 0.022204, 90.073860
Testing mnk_offload with team size 64...
Saved: mnk_offload, 1000, 64, 0.003789, 527.843758
Testing mkn_offload with team size 114...
Saved: mkn_offload, 1000, 114, 0.013242, 151.034586
Testing mnk_offload with team size 114...
Saved: mnk_offload, 1000, 114, 0.005990, 333.889816
Testing mkn_offload with team size 228...
Saved: mkn_offload, 1000, 228, 0.013739, 145.571002
Testing mnk_offload with team size 228...
Saved: mnk_offload, 1000, 228, 0.003619, 552.638850
Testing mkn_offload with team size 456...
Saved: mkn_offload, 1000, 456, 0.011518, 173.641257
Testing mnk_offload with team size 456...
Saved: mnk_offload, 1000, 456, 0.003843, 520.426749
Testing mkn_offload with team size 912...
Saved: mkn_offload, 1000, 912, 0.011297, 177.038151
Testing mnk_offload with team size 912...
Saved: mnk_offload, 1000, 912, 0.003775, 529.801324
Testing mkn_offload with team size 1824...
Saved: mkn_offload, 1000, 1824, 0.013115, 152.497140
Testing mnk_offload with team size 1824...
Saved: mnk_offload, 1000, 1824, 0.005841, 342.407122
Testing mkn_offload with team size 3648...
Saved: mkn_offload, 1000, 3648, 0.011819, 169.219054
Testing mnk_offload with team size 3648...
Saved: mnk_offload, 1000, 3648, 0.003504, 570.776255
Testing mkn_offload with team size 7296...
Saved: mkn_offload, 1000, 7296, 0.017828, 112.183082
Testing mnk_offload with team size 7296...
Saved: mnk_offload, 1000, 7296, 0.006616, 302.297460
Testing mkn_offload with team size 14592...
Saved: mkn_offload, 1000, 14592, 0.015087, 132.564459
Testing mnk_offload with team size 14592...
Saved: mnk_offload, 1000, 14592, 0.004349, 459.875833
Testing mkn_offload with team size 29184...
Saved: mkn_offload, 1000, 29184, 0.017364, 115.180833
Testing mnk_offload with team size 29184...
Saved: mnk_offload, 1000, 29184, 0.006637, 301.340967
Results saved to team_size_performance_results_last.csv

------------------------------------------------------------
Sender: LSF System <lsfadmin@hpc.dtu.dk>
Subject: Job 23850574: <performance_vs_teams_part2> in cluster <dcc> Done

Job <performance_vs_teams_part2> was submitted from host <n-62-12-81> by user <s182821> in cluster <dcc> at Thu Jan 23 21:28:35 2025
Job was executed on host(s) <32*n-62-12-88>, in queue <hpcintrogpu>, as user <s182821> in cluster <dcc> at Thu Jan 23 21:28:37 2025
</zhome/4c/5/135583> was used as the home directory.
</zhome/4c/5/135583/assignment_3/repo/hpc_assignment3> was used as the working directory.
Started at Thu Jan 23 21:28:37 2025
Terminated at Thu Jan 23 21:30:40 2025
Results reported at Thu Jan 23 21:30:40 2025

Your job looked like:

------------------------------------------------------------
# LSBATCH: User input
#!/bin/bash
# Batch script to test different team sizes for mkn_offload and mnk_offload

#BSUB -J performance_vs_teams_part2
#BSUB -o performance_vs_teams_part2_%J.out
#BSUB -q hpcintrogpu
#BSUB -n 32
#BSUB -R "rusage[mem=2048]"
#BSUB -W 15
#BSUB -R "span[hosts=1]"
#BSUB -gpu "num=1:mode=exclusive_process"

# Define methods to test
METHODS="mkn_offload mnk_offload"

# Define matrix size (fixed for this experiment)
MATRIX_SIZE=1000

# Define number of teams to experiment with
TEAM_SIZES="1 32 64 114 228 456 912 1824 3648 7296 14592 29184"  

# Output file
RESULTS_FILE="team_size_performance_results_last.csv"

# Clear old results
echo "Method, Matrix Size, Teams, Kernel (s), GFLOPS/s" > $RESULTS_FILE

# Load necessary modules (adjust if required)
module load nvhpc/24.11

# Run tests for MKN and MNK with different team sizes
for TEAM in $TEAM_SIZES; do
    for METHOD in $METHODS; do
        echo "Testing $METHOD with team size $TEAM..."

        # Run executable with team size and capture output
        OUTPUT=$(./matmult_c.nvc++ "$METHOD" "$MATRIX_SIZE" "$MATRIX_SIZE" "$MATRIX_SIZE" "$TEAM")

        # Extract Kernel time
        RESULT_LINE=$(echo "$OUTPUT" | grep -m1 "$METHOD")
        KERNEL=$(echo "$RESULT_LINE" | awk -F', ' '{print $5}')

        # Check if Kernel time is empty or zero, if so, set to zero
        KERNEL=${KERNEL:-0}

        # Compute GFLOPS/s: (2 * m * n * k) / (Kernel Time * 10^9)
        if [[ "$KERNEL" == "0" || "$KERNEL" == "" ]]; then
            GFLOPS="0"
        else
        GFLOPS=$(echo "scale=6; (2 * $MATRIX_SIZE * $MATRIX_SIZE * $MATRIX_SIZE) / ($KERNEL * 10^9)" | bc)

(... more ...)
------------------------------------------------------------

Successfully completed.

Resource usage summary:

    CPU time :                                   149.00 sec.
    Max Memory :                                 500 MB
    Average Memory :                             87.33 MB
    Total Requested Memory :                     65536.00 MB
    Delta Memory :                               65036.00 MB
    Max Swap :                                   -
    Max Processes :                              4
    Max Threads :                                9
    Run time :                                   140 sec.
    Turnaround time :                            125 sec.

The output (if any) is above this job summary.

