Running CPU Jacobi solver for GridSize=64, Iterations=100, Method=3...
Running CPU Jacobi solver for GridSize=64, Iterations=100, Method=4...
Running CPU Jacobi solver for GridSize=64, Iterations=200, Method=3...
Running CPU Jacobi solver for GridSize=64, Iterations=200, Method=4...
Running CPU Jacobi solver for GridSize=64, Iterations=400, Method=3...
Running CPU Jacobi solver for GridSize=64, Iterations=400, Method=4...
Running CPU Jacobi solver for GridSize=64, Iterations=800, Method=3...
Running CPU Jacobi solver for GridSize=64, Iterations=800, Method=4...
Running CPU Jacobi solver for GridSize=128, Iterations=100, Method=3...
Running CPU Jacobi solver for GridSize=128, Iterations=100, Method=4...
Running CPU Jacobi solver for GridSize=128, Iterations=200, Method=3...
Running CPU Jacobi solver for GridSize=128, Iterations=200, Method=4...
Running CPU Jacobi solver for GridSize=128, Iterations=400, Method=3...
Running CPU Jacobi solver for GridSize=128, Iterations=400, Method=4...
Running CPU Jacobi solver for GridSize=128, Iterations=800, Method=3...
Running CPU Jacobi solver for GridSize=128, Iterations=800, Method=4...
Running CPU Jacobi solver for GridSize=256, Iterations=100, Method=3...
Running CPU Jacobi solver for GridSize=256, Iterations=100, Method=4...
Running CPU Jacobi solver for GridSize=256, Iterations=200, Method=3...
Running CPU Jacobi solver for GridSize=256, Iterations=200, Method=4...
Running CPU Jacobi solver for GridSize=256, Iterations=400, Method=3...
Running CPU Jacobi solver for GridSize=256, Iterations=400, Method=4...
Running CPU Jacobi solver for GridSize=256, Iterations=800, Method=3...
Running CPU Jacobi solver for GridSize=256, Iterations=800, Method=4...
Running CPU Jacobi solver for GridSize=384, Iterations=100, Method=3...
/zhome/97/2/198344/.lsbatch/1737749467.23885013.shell: line 39: ./poisson: No such file or directory
Running CPU Jacobi solver for GridSize=384, Iterations=100, Method=4...
/zhome/97/2/198344/.lsbatch/1737749467.23885013.shell: line 39: ./poisson: No such file or directory
Running CPU Jacobi solver for GridSize=384, Iterations=200, Method=3...
/zhome/97/2/198344/.lsbatch/1737749467.23885013.shell: line 39: ./poisson: No such file or directory
Running CPU Jacobi solver for GridSize=384, Iterations=200, Method=4...
/zhome/97/2/198344/.lsbatch/1737749467.23885013.shell: line 39: ./poisson: No such file or directory
Running CPU Jacobi solver for GridSize=384, Iterations=400, Method=3...
/zhome/97/2/198344/.lsbatch/1737749467.23885013.shell: line 39: ./poisson: No such file or directory
Running CPU Jacobi solver for GridSize=384, Iterations=400, Method=4...
/zhome/97/2/198344/.lsbatch/1737749467.23885013.shell: line 39: ./poisson: No such file or directory
Running CPU Jacobi solver for GridSize=384, Iterations=800, Method=3...
/zhome/97/2/198344/.lsbatch/1737749467.23885013.shell: line 39: ./poisson: No such file or directory
Running CPU Jacobi solver for GridSize=384, Iterations=800, Method=4...
/zhome/97/2/198344/.lsbatch/1737749467.23885013.shell: line 39: ./poisson: No such file or directory
CPU experiments completed. Results saved to jacobi_mlups_cpu.data.

------------------------------------------------------------
Sender: LSF System <lsfadmin@hpc.dtu.dk>
Subject: Job 23885013: <jacobi_mlups_cpu> in cluster <dcc> Done

Job <jacobi_mlups_cpu> was submitted from host <n-62-11-46> by user <s230274> in cluster <dcc> at Fri Jan 24 21:11:07 2025
Job was executed on host(s) <32*n-62-12-88>, in queue <hpcintrogpu>, as user <s230274> in cluster <dcc> at Fri Jan 24 21:11:08 2025
</zhome/97/2/198344> was used as the home directory.
</zhome/97/2/198344/assignment_3/hpc_assignment3/2.2> was used as the working directory.
Started at Fri Jan 24 21:11:08 2025
Terminated at Fri Jan 24 21:16:56 2025
Results reported at Fri Jan 24 21:16:56 2025

Your job looked like:

------------------------------------------------------------
# LSBATCH: User input
#!/bin/bash
# 02614 - High-Performance Computing, January 2024
# Batch script to run Jacobi solver on CPU

#BSUB -J jacobi_mlups_cpu
#BSUB -o jacobi_mlups_cpu_%J.out
#BSUB -q hpcintrogpu
#BSUB -n 32
#BSUB -R "rusage[mem=2048]"
#BSUB -W 00:15
#BSUB -R "span[hosts=1]"

# Load NVIDIA HPC SDK
module load nvhpc/24.11

# Define output file
RESULT_FILE="jacobi_mlups_cpu.data"

# Clear output file and add header
echo "GridSize Iterations Method ExecTime_CPU MLUPS_CPU" > $RESULT_FILE

# Define grid sizes and iteration counts
GRID_SIZES=(64 128 256 384)
ITERATION_COUNTS=(100 200 400 800)
METHODS=(3 4)  # 3 = Plain Jacobi, 4 = Norm-based Jacobi
TOLERANCE=1e-2

# Path to the executable
EXECUTABLE="./poisson"

# Run CPU experiments
for N in "${GRID_SIZES[@]}"; do
    for ITER in "${ITERATION_COUNTS[@]}"; do
        for METHOD in "${METHODS[@]}"; do
            echo "Running CPU Jacobi solver for GridSize=$N, Iterations=$ITER, Method=$METHOD..."

            # Run on CPU (offload=0)
            START_TIME_CPU=$(date +%s.%N)
            EXEC_TIME_CPU=$($EXECUTABLE $N $ITER 0 $METHOD $TOLERANCE | grep "Jacobi Offload Execution Time" | awk '{print $5}')
            END_TIME_CPU=$(date +%s.%N)
            TOTAL_TIME_CPU=$(echo "$END_TIME_CPU - $START_TIME_CPU" | bc)

            # Calculate MLUPS
            GRID_POINTS=$(echo "$N * $N * $N" | bc)
            MLUPS_CPU=$(echo "scale=6; $GRID_POINTS * $ITER / ($TOTAL_TIME_CPU * 10^6)" | bc)

            # Save results
            echo "$N $ITER $METHOD $TOTAL_TIME_CPU $MLUPS_CPU" >> $RESULT_FILE
        done
    done

(... more ...)
------------------------------------------------------------

Successfully completed.

Resource usage summary:

    CPU time :                                   374.00 sec.
    Max Memory :                                 32 MB
    Average Memory :                             28.50 MB
    Total Requested Memory :                     65536.00 MB
    Delta Memory :                               65504.00 MB
    Max Swap :                                   -
    Max Processes :                              7
    Max Threads :                                12
    Run time :                                   421 sec.
    Turnaround time :                            349 sec.

The output (if any) is above this job summary.

